<testsuites id="" name="" tests="2201" failures="200" skipped="250" errors="0" time="904.163685">
<testsuite name="auth.setup.js" timestamp="2026-07-16T06:32:54.055Z" hostname="setup" tests="1" failures="0" skipped="0" time="2.107" errors="0">
<testcase name="authenticate" classname="auth.setup.js" time="2.107">
</testcase>
</testsuite>
<testsuite name="01-login.spec.js" timestamp="2026-07-16T06:32:54.055Z" hostname="guest" tests="300" failures="0" skipped="0" time="283.625" errors="0">
<testcase name="TC_LOG_001 账号-有效 #1: penguin -&gt; 登录成功" classname="01-login.spec.js" time="2.088">
</testcase>
<testcase name="TC_LOG_001 账号-有效 #2: penguin -&gt; 登录成功" classname="01-login.spec.js" time="2.166">
</testcase>
<testcase name="TC_LOG_001 账号-有效 #3: penguin -&gt; 登录成功" classname="01-login.spec.js" time="2.147">
</testcase>
<testcase name="TC_LOG_001 账号-有效 #4: penguin -&gt; 登录成功" classname="01-login.spec.js" time="1.117">
</testcase>
<testcase name="TC_LOG_001 账号-有效 #5: penguin -&gt; 登录成功" classname="01-login.spec.js" time="0.803">
</testcase>
<testcase name="TC_LOG_001 账号-有效 #6: penguin -&gt; 登录成功" classname="01-login.spec.js" time="1.262">
</testcase>
<testcase name="TC_LOG_001 账号-有效 #7: penguin -&gt; 登录成功" classname="01-login.spec.js" time="0.858">
</testcase>
<testcase name="TC_LOG_001 账号-有效 #8: penguin -&gt; 登录成功" classname="01-login.spec.js" time="1">
</testcase>
<testcase name="TC_LOG_001 账号-有效 #9: penguin -&gt; 登录成功" classname="01-login.spec.js" time="0.99">
</testcase>
<testcase name="TC_LOG_001 账号-有效 #10: penguin -&gt; 登录成功" classname="01-login.spec.js" time="0.749">
</testcase>
<testcase name="TC_LOG_001 账号-有效 #11: penguin -&gt; 登录成功" classname="01-login.spec.js" time="0.975">
</testcase>
<testcase name="TC_LOG_001 账号-有效 #12: penguin -&gt; 登录成功" classname="01-login.spec.js" time="0.822">
</testcase>
<testcase name="TC_LOG_001 账号-有效 #13: penguin -&gt; 登录成功" classname="01-login.spec.js" time="1.25">
</testcase>
<testcase name="TC_LOG_001 账号-有效 #14: penguin -&gt; 登录成功" classname="01-login.spec.js" time="0.976">
</testcase>
<testcase name="TC_LOG_001 账号-有效 #15: penguin -&gt; 登录成功" classname="01-login.spec.js" time="1.407">
</testcase>
<testcase name="TC_LOG_001 账号-有效 #16: penguin -&gt; 登录成功" classname="01-login.spec.js" time="1.022">
</testcase>
<testcase name="TC_LOG_001 账号-有效 #17: penguin -&gt; 登录成功" classname="01-login.spec.js" time="1.018">
</testcase>
<testcase name="TC_LOG_001 账号-有效 #18: penguin -&gt; 登录成功" classname="01-login.spec.js" time="1.024">
</testcase>
<testcase name="TC_LOG_001 账号-有效 #19: penguin -&gt; 登录成功" classname="01-login.spec.js" time="0.812">
</testcase>
<testcase name="TC_LOG_001 账号-有效 #20: penguin -&gt; 登录成功" classname="01-login.spec.js" time="1.452">
</testcase>
<testcase name="TC_LOG_001 账号-有效 #21: penguin -&gt; 登录成功" classname="01-login.spec.js" time="0.992">
</testcase>
<testcase name="TC_LOG_001 账号-有效 #22: penguin -&gt; 登录成功" classname="01-login.spec.js" time="1.004">
</testcase>
<testcase name="TC_LOG_001 账号-有效 #23: penguin -&gt; 登录成功" classname="01-login.spec.js" time="2.442">
</testcase>
<testcase name="TC_LOG_001 账号-有效 #24: penguin -&gt; 登录成功" classname="01-login.spec.js" time="1.242">
</testcase>
<testcase name="TC_LOG_001 账号-有效 #25: penguin -&gt; 登录成功" classname="01-login.spec.js" time="1.626">
</testcase>
<testcase name="TC_LOG_001 账号-有效 #26: penguin -&gt; 登录成功" classname="01-login.spec.js" time="1.008">
</testcase>
<testcase name="TC_LOG_001 账号-有效 #27: penguin -&gt; 登录成功" classname="01-login.spec.js" time="0.751">
</testcase>
<testcase name="TC_LOG_001 账号-有效 #28: penguin -&gt; 登录成功" classname="01-login.spec.js" time="1.039">
</testcase>
<testcase name="TC_LOG_001 账号-有效 #29: penguin -&gt; 登录成功" classname="01-login.spec.js" time="2.042">
</testcase>
<testcase name="TC_LOG_001 账号-有效 #30: penguin -&gt; 登录成功" classname="01-login.spec.js" time="1.704">
</testcase>
<testcase name="TC_LOG_001 账号-有效 #31: penguin -&gt; 登录成功" classname="01-login.spec.js" time="1.254">
</testcase>
<testcase name="TC_LOG_001 账号-有效 #32: penguin -&gt; 登录成功" classname="01-login.spec.js" time="0.968">
</testcase>
<testcase name="TC_LOG_001 账号-有效 #33: penguin -&gt; 登录成功" classname="01-login.spec.js" time="1.388">
</testcase>
<testcase name="TC_LOG_001 账号-有效 #34: penguin -&gt; 登录成功" classname="01-login.spec.js" time="0.781">
</testcase>
<testcase name="TC_LOG_001 账号-有效 #35: penguin -&gt; 登录成功" classname="01-login.spec.js" time="2.246">
</testcase>
<testcase name="TC_LOG_001 账号-有效 #36: penguin -&gt; 登录成功" classname="01-login.spec.js" time="0.988">
</testcase>
<testcase name="TC_LOG_001 账号-有效 #37: penguin -&gt; 登录成功" classname="01-login.spec.js" time="1">
</testcase>
<testcase name="TC_LOG_001 账号-有效 #38: penguin -&gt; 登录成功" classname="01-login.spec.js" time="0.744">
</testcase>
<testcase name="TC_LOG_001 账号-有效 #39: penguin -&gt; 登录成功" classname="01-login.spec.js" time="1.067">
</testcase>
<testcase name="TC_LOG_001 账号-有效 #40: penguin -&gt; 登录成功" classname="01-login.spec.js" time="0.867">
</testcase>
<testcase name="TC_LOG_001 账号-有效 #41: penguin -&gt; 登录成功" classname="01-login.spec.js" time="1.273">
</testcase>
<testcase name="TC_LOG_001 账号-有效 #42: penguin -&gt; 登录成功" classname="01-login.spec.js" time="1.412">
</testcase>
<testcase name="TC_LOG_001 账号-有效 #43: penguin -&gt; 登录成功" classname="01-login.spec.js" time="1.25">
</testcase>
<testcase name="TC_LOG_001 账号-有效 #44: penguin -&gt; 登录成功" classname="01-login.spec.js" time="1.516">
</testcase>
<testcase name="TC_LOG_001 账号-有效 #45: penguin -&gt; 登录成功" classname="01-login.spec.js" time="1.173">
</testcase>
<testcase name="TC_LOG_001 账号-有效 #46: penguin -&gt; 登录成功" classname="01-login.spec.js" time="1.173">
</testcase>
<testcase name="TC_LOG_001 账号-有效 #47: penguin -&gt; 登录成功" classname="01-login.spec.js" time="1.278">
</testcase>
<testcase name="TC_LOG_001 账号-有效 #48: penguin -&gt; 登录成功" classname="01-login.spec.js" time="1.441">
</testcase>
<testcase name="TC_LOG_001 账号-有效 #49: penguin -&gt; 登录成功" classname="01-login.spec.js" time="1.987">
</testcase>
<testcase name="TC_LOG_001 账号-有效 #50: penguin -&gt; 登录成功" classname="01-login.spec.js" time="1.206">
</testcase>
<testcase name="TC_LOG_002 账号-无效[空] #1: &quot;&lt;空串&gt;&quot; -&gt; 提示补全" classname="01-login.spec.js" time="0.625">
</testcase>
<testcase name="TC_LOG_002 账号-无效[空] #2: &quot;  &quot; -&gt; 提示补全" classname="01-login.spec.js" time="0.607">
</testcase>
<testcase name="TC_LOG_002 账号-无效[空] #3: &quot;\t\t\t&quot; -&gt; 提示补全" classname="01-login.spec.js" time="1.799">
</testcase>
<testcase name="TC_LOG_002 账号-无效[空] #4: &quot;\n&quot; -&gt; 提示补全" classname="01-login.spec.js" time="0.985">
</testcase>
<testcase name="TC_LOG_002 账号-无效[空] #5: &quot;\r\r&quot; -&gt; 提示补全" classname="01-login.spec.js" time="0.559">
</testcase>
<testcase name="TC_LOG_002 账号-无效[空] #6: &quot;&lt;全角空格&gt;&lt;全角空格&gt;&lt;全角空格&gt;&quot; -&gt; 提示补全" classname="01-login.spec.js" time="0.841">
</testcase>
<testcase name="TC_LOG_002 账号-无效[空] #7: &quot;  &quot; -&gt; 提示补全" classname="01-login.spec.js" time="0.585">
</testcase>
<testcase name="TC_LOG_002 账号-无效[空] #8: &quot; \t  \t &quot; -&gt; 提示补全" classname="01-login.spec.js" time="0.593">
</testcase>
<testcase name="TC_LOG_002 账号-无效[空] #9: &quot;\t\t\t\t\t\t&quot; -&gt; 提示补全" classname="01-login.spec.js" time="0.604">
</testcase>
<testcase name="TC_LOG_002 账号-无效[空] #10: &quot;   &quot; -&gt; 提示补全" classname="01-login.spec.js" time="0.589">
</testcase>
<testcase name="TC_LOG_002 账号-无效[空] #11: &quot;\n \n &quot; -&gt; 提示补全" classname="01-login.spec.js" time="0.696">
</testcase>
<testcase name="TC_LOG_002 账号-无效[空] #12: &quot; &lt;全角空格&gt; &lt;全角空格&gt; &lt;全角空格&gt;&quot; -&gt; 提示补全" classname="01-login.spec.js" time="0.625">
</testcase>
<testcase name="TC_LOG_002 账号-无效[空] #13: &quot;&lt;空串&gt;&quot; -&gt; 提示补全" classname="01-login.spec.js" time="1.062">
</testcase>
<testcase name="TC_LOG_002 账号-无效[空] #14: &quot;  &quot; -&gt; 提示补全" classname="01-login.spec.js" time="1.04">
</testcase>
<testcase name="TC_LOG_002 账号-无效[空] #15: &quot;\t\t\t&quot; -&gt; 提示补全" classname="01-login.spec.js" time="0.551">
</testcase>
<testcase name="TC_LOG_002 账号-无效[空] #16: &quot;\n&quot; -&gt; 提示补全" classname="01-login.spec.js" time="0.556">
</testcase>
<testcase name="TC_LOG_002 账号-无效[空] #17: &quot;\r\r&quot; -&gt; 提示补全" classname="01-login.spec.js" time="0.614">
</testcase>
<testcase name="TC_LOG_002 账号-无效[空] #18: &quot;&lt;全角空格&gt;&lt;全角空格&gt;&lt;全角空格&gt;&quot; -&gt; 提示补全" classname="01-login.spec.js" time="0.634">
</testcase>
<testcase name="TC_LOG_002 账号-无效[空] #19: &quot;  &quot; -&gt; 提示补全" classname="01-login.spec.js" time="0.67">
</testcase>
<testcase name="TC_LOG_002 账号-无效[空] #20: &quot; \t  \t &quot; -&gt; 提示补全" classname="01-login.spec.js" time="0.651">
</testcase>
<testcase name="TC_LOG_002 账号-无效[空] #21: &quot;\t\t\t\t\t\t&quot; -&gt; 提示补全" classname="01-login.spec.js" time="1.013">
</testcase>
<testcase name="TC_LOG_002 账号-无效[空] #22: &quot;   &quot; -&gt; 提示补全" classname="01-login.spec.js" time="0.616">
</testcase>
<testcase name="TC_LOG_002 账号-无效[空] #23: &quot;\n \n &quot; -&gt; 提示补全" classname="01-login.spec.js" time="0.873">
</testcase>
<testcase name="TC_LOG_002 账号-无效[空] #24: &quot; &lt;全角空格&gt; &lt;全角空格&gt; &lt;全角空格&gt;&quot; -&gt; 提示补全" classname="01-login.spec.js" time="0.992">
</testcase>
<testcase name="TC_LOG_002 账号-无效[空] #25: &quot;&lt;空串&gt;&quot; -&gt; 提示补全" classname="01-login.spec.js" time="0.616">
</testcase>
<testcase name="TC_LOG_002 账号-无效[空] #26: &quot;  &quot; -&gt; 提示补全" classname="01-login.spec.js" time="0.595">
</testcase>
<testcase name="TC_LOG_002 账号-无效[空] #27: &quot;\t\t\t&quot; -&gt; 提示补全" classname="01-login.spec.js" time="0.721">
</testcase>
<testcase name="TC_LOG_002 账号-无效[空] #28: &quot;\n&quot; -&gt; 提示补全" classname="01-login.spec.js" time="0.619">
</testcase>
<testcase name="TC_LOG_002 账号-无效[空] #29: &quot;\r\r&quot; -&gt; 提示补全" classname="01-login.spec.js" time="0.837">
</testcase>
<testcase name="TC_LOG_002 账号-无效[空] #30: &quot;&lt;全角空格&gt;&lt;全角空格&gt;&lt;全角空格&gt;&quot; -&gt; 提示补全" classname="01-login.spec.js" time="0.568">
</testcase>
<testcase name="TC_LOG_002 账号-无效[空] #31: &quot;  &quot; -&gt; 提示补全" classname="01-login.spec.js" time="0.807">
</testcase>
<testcase name="TC_LOG_002 账号-无效[空] #32: &quot; \t  \t &quot; -&gt; 提示补全" classname="01-login.spec.js" time="0.886">
</testcase>
<testcase name="TC_LOG_002 账号-无效[空] #33: &quot;\t\t\t\t\t\t&quot; -&gt; 提示补全" classname="01-login.spec.js" time="0.829">
</testcase>
<testcase name="TC_LOG_002 账号-无效[空] #34: &quot;   &quot; -&gt; 提示补全" classname="01-login.spec.js" time="1.544">
</testcase>
<testcase name="TC_LOG_002 账号-无效[空] #35: &quot;\n \n &quot; -&gt; 提示补全" classname="01-login.spec.js" time="0.675">
</testcase>
<testcase name="TC_LOG_002 账号-无效[空] #36: &quot; &lt;全角空格&gt; &lt;全角空格&gt; &lt;全角空格&gt;&quot; -&gt; 提示补全" classname="01-login.spec.js" time="0.857">
</testcase>
<testcase name="TC_LOG_002 账号-无效[空] #37: &quot;&lt;空串&gt;&quot; -&gt; 提示补全" classname="01-login.spec.js" time="0.585">
</testcase>
<testcase name="TC_LOG_002 账号-无效[空] #38: &quot;  &quot; -&gt; 提示补全" classname="01-login.spec.js" time="0.587">
</testcase>
<testcase name="TC_LOG_002 账号-无效[空] #39: &quot;\t\t\t&quot; -&gt; 提示补全" classname="01-login.spec.js" time="0.587">
</testcase>
<testcase name="TC_LOG_002 账号-无效[空] #40: &quot;\n&quot; -&gt; 提示补全" classname="01-login.spec.js" time="0.62">
</testcase>
<testcase name="TC_LOG_002 账号-无效[空] #41: &quot;\r\r&quot; -&gt; 提示补全" classname="01-login.spec.js" time="1.282">
</testcase>
<testcase name="TC_LOG_002 账号-无效[空] #42: &quot;&lt;全角空格&gt;&lt;全角空格&gt;&lt;全角空格&gt;&quot; -&gt; 提示补全" classname="01-login.spec.js" time="0.994">
</testcase>
<testcase name="TC_LOG_002 账号-无效[空] #43: &quot;  &quot; -&gt; 提示补全" classname="01-login.spec.js" time="0.556">
</testcase>
<testcase name="TC_LOG_002 账号-无效[空] #44: &quot; \t  \t &quot; -&gt; 提示补全" classname="01-login.spec.js" time="0.64">
</testcase>
<testcase name="TC_LOG_002 账号-无效[空] #45: &quot;\t\t\t\t\t\t&quot; -&gt; 提示补全" classname="01-login.spec.js" time="0.573">
</testcase>
<testcase name="TC_LOG_002 账号-无效[空] #46: &quot;   &quot; -&gt; 提示补全" classname="01-login.spec.js" time="0.587">
</testcase>
<testcase name="TC_LOG_002 账号-无效[空] #47: &quot;\n \n &quot; -&gt; 提示补全" classname="01-login.spec.js" time="0.599">
</testcase>
<testcase name="TC_LOG_002 账号-无效[空] #48: &quot; &lt;全角空格&gt; &lt;全角空格&gt; &lt;全角空格&gt;&quot; -&gt; 提示补全" classname="01-login.spec.js" time="0.828">
</testcase>
<testcase name="TC_LOG_002 账号-无效[空] #49: &quot;&lt;空串&gt;&quot; -&gt; 提示补全" classname="01-login.spec.js" time="1.039">
</testcase>
<testcase name="TC_LOG_002 账号-无效[空] #50: &quot;  &quot; -&gt; 提示补全" classname="01-login.spec.js" time="0.563">
</testcase>
<testcase name="TC_LOG_003 账号-无效[不存在] #1 -&gt; 账号或密码错误" classname="01-login.spec.js" time="1.385">
</testcase>
<testcase name="TC_LOG_003 账号-无效[不存在] #2 -&gt; 账号或密码错误" classname="01-login.spec.js" time="1.095">
</testcase>
<testcase name="TC_LOG_003 账号-无效[不存在] #3 -&gt; 账号或密码错误" classname="01-login.spec.js" time="0.668">
</testcase>
<testcase name="TC_LOG_003 账号-无效[不存在] #4 -&gt; 账号或密码错误" classname="01-login.spec.js" time="0.928">
</testcase>
<testcase name="TC_LOG_003 账号-无效[不存在] #5 -&gt; 账号或密码错误" classname="01-login.spec.js" time="0.675">
</testcase>
<testcase name="TC_LOG_003 账号-无效[不存在] #6 -&gt; 账号或密码错误" classname="01-login.spec.js" time="0.698">
</testcase>
<testcase name="TC_LOG_003 账号-无效[不存在] #7 -&gt; 账号或密码错误" classname="01-login.spec.js" time="0.694">
</testcase>
<testcase name="TC_LOG_003 账号-无效[不存在] #8 -&gt; 账号或密码错误" classname="01-login.spec.js" time="0.689">
</testcase>
<testcase name="TC_LOG_003 账号-无效[不存在] #9 -&gt; 账号或密码错误" classname="01-login.spec.js" time="0.722">
</testcase>
<testcase name="TC_LOG_003 账号-无效[不存在] #10 -&gt; 账号或密码错误" classname="01-login.spec.js" time="0.724">
</testcase>
<testcase name="TC_LOG_003 账号-无效[不存在] #11 -&gt; 账号或密码错误" classname="01-login.spec.js" time="0.723">
</testcase>
<testcase name="TC_LOG_003 账号-无效[不存在] #12 -&gt; 账号或密码错误" classname="01-login.spec.js" time="0.705">
</testcase>
<testcase name="TC_LOG_003 账号-无效[不存在] #13 -&gt; 账号或密码错误" classname="01-login.spec.js" time="0.65">
</testcase>
<testcase name="TC_LOG_003 账号-无效[不存在] #14 -&gt; 账号或密码错误" classname="01-login.spec.js" time="0.686">
</testcase>
<testcase name="TC_LOG_003 账号-无效[不存在] #15 -&gt; 账号或密码错误" classname="01-login.spec.js" time="0.685">
</testcase>
<testcase name="TC_LOG_003 账号-无效[不存在] #16 -&gt; 账号或密码错误" classname="01-login.spec.js" time="0.669">
</testcase>
<testcase name="TC_LOG_003 账号-无效[不存在] #17 -&gt; 账号或密码错误" classname="01-login.spec.js" time="1.091">
</testcase>
<testcase name="TC_LOG_003 账号-无效[不存在] #18 -&gt; 账号或密码错误" classname="01-login.spec.js" time="0.702">
</testcase>
<testcase name="TC_LOG_003 账号-无效[不存在] #19 -&gt; 账号或密码错误" classname="01-login.spec.js" time="0.771">
</testcase>
<testcase name="TC_LOG_003 账号-无效[不存在] #20 -&gt; 账号或密码错误" classname="01-login.spec.js" time="0.676">
</testcase>
<testcase name="TC_LOG_003 账号-无效[不存在] #21 -&gt; 账号或密码错误" classname="01-login.spec.js" time="0.693">
</testcase>
<testcase name="TC_LOG_003 账号-无效[不存在] #22 -&gt; 账号或密码错误" classname="01-login.spec.js" time="0.824">
</testcase>
<testcase name="TC_LOG_003 账号-无效[不存在] #23 -&gt; 账号或密码错误" classname="01-login.spec.js" time="0.785">
</testcase>
<testcase name="TC_LOG_003 账号-无效[不存在] #24 -&gt; 账号或密码错误" classname="01-login.spec.js" time="0.706">
</testcase>
<testcase name="TC_LOG_003 账号-无效[不存在] #25 -&gt; 账号或密码错误" classname="01-login.spec.js" time="0.718">
</testcase>
<testcase name="TC_LOG_003 账号-无效[不存在] #26 -&gt; 账号或密码错误" classname="01-login.spec.js" time="0.722">
</testcase>
<testcase name="TC_LOG_003 账号-无效[不存在] #27 -&gt; 账号或密码错误" classname="01-login.spec.js" time="0.956">
</testcase>
<testcase name="TC_LOG_003 账号-无效[不存在] #28 -&gt; 账号或密码错误" classname="01-login.spec.js" time="0.959">
</testcase>
<testcase name="TC_LOG_003 账号-无效[不存在] #29 -&gt; 账号或密码错误" classname="01-login.spec.js" time="0.691">
</testcase>
<testcase name="TC_LOG_003 账号-无效[不存在] #30 -&gt; 账号或密码错误" classname="01-login.spec.js" time="0.71">
</testcase>
<testcase name="TC_LOG_003 账号-无效[不存在] #31 -&gt; 账号或密码错误" classname="01-login.spec.js" time="0.69">
</testcase>
<testcase name="TC_LOG_003 账号-无效[不存在] #32 -&gt; 账号或密码错误" classname="01-login.spec.js" time="0.685">
</testcase>
<testcase name="TC_LOG_003 账号-无效[不存在] #33 -&gt; 账号或密码错误" classname="01-login.spec.js" time="1.071">
</testcase>
<testcase name="TC_LOG_003 账号-无效[不存在] #34 -&gt; 账号或密码错误" classname="01-login.spec.js" time="0.676">
</testcase>
<testcase name="TC_LOG_003 账号-无效[不存在] #35 -&gt; 账号或密码错误" classname="01-login.spec.js" time="0.655">
</testcase>
<testcase name="TC_LOG_003 账号-无效[不存在] #36 -&gt; 账号或密码错误" classname="01-login.spec.js" time="0.909">
</testcase>
<testcase name="TC_LOG_003 账号-无效[不存在] #37 -&gt; 账号或密码错误" classname="01-login.spec.js" time="1.091">
</testcase>
<testcase name="TC_LOG_003 账号-无效[不存在] #38 -&gt; 账号或密码错误" classname="01-login.spec.js" time="0.678">
</testcase>
<testcase name="TC_LOG_003 账号-无效[不存在] #39 -&gt; 账号或密码错误" classname="01-login.spec.js" time="0.68">
</testcase>
<testcase name="TC_LOG_003 账号-无效[不存在] #40 -&gt; 账号或密码错误" classname="01-login.spec.js" time="0.696">
</testcase>
<testcase name="TC_LOG_003 账号-无效[不存在] #41 -&gt; 账号或密码错误" classname="01-login.spec.js" time="0.706">
</testcase>
<testcase name="TC_LOG_003 账号-无效[不存在] #42 -&gt; 账号或密码错误" classname="01-login.spec.js" time="0.73">
</testcase>
<testcase name="TC_LOG_003 账号-无效[不存在] #43 -&gt; 账号或密码错误" classname="01-login.spec.js" time="0.724">
</testcase>
<testcase name="TC_LOG_003 账号-无效[不存在] #44 -&gt; 账号或密码错误" classname="01-login.spec.js" time="0.72">
</testcase>
<testcase name="TC_LOG_003 账号-无效[不存在] #45 -&gt; 账号或密码错误" classname="01-login.spec.js" time="0.682">
</testcase>
<testcase name="TC_LOG_003 账号-无效[不存在] #46 -&gt; 账号或密码错误" classname="01-login.spec.js" time="0.704">
</testcase>
<testcase name="TC_LOG_003 账号-无效[不存在] #47 -&gt; 账号或密码错误" classname="01-login.spec.js" time="1.1">
</testcase>
<testcase name="TC_LOG_003 账号-无效[不存在] #48 -&gt; 账号或密码错误" classname="01-login.spec.js" time="0.717">
</testcase>
<testcase name="TC_LOG_003 账号-无效[不存在] #49 -&gt; 账号或密码错误" classname="01-login.spec.js" time="0.676">
</testcase>
<testcase name="TC_LOG_003 账号-无效[不存在] #50 -&gt; 账号或密码错误" classname="01-login.spec.js" time="0.676">
</testcase>
<testcase name="TC_LOG_004 密码-有效 #1: 正确密码 -&gt; 登录成功" classname="01-login.spec.js" time="0.736">
</testcase>
<testcase name="TC_LOG_004 密码-有效 #2: 正确密码 -&gt; 登录成功" classname="01-login.spec.js" time="1.029">
</testcase>
<testcase name="TC_LOG_004 密码-有效 #3: 正确密码 -&gt; 登录成功" classname="01-login.spec.js" time="0.798">
</testcase>
<testcase name="TC_LOG_004 密码-有效 #4: 正确密码 -&gt; 登录成功" classname="01-login.spec.js" time="1.432">
</testcase>
<testcase name="TC_LOG_004 密码-有效 #5: 正确密码 -&gt; 登录成功" classname="01-login.spec.js" time="0.76">
</testcase>
<testcase name="TC_LOG_004 密码-有效 #6: 正确密码 -&gt; 登录成功" classname="01-login.spec.js" time="2.293">
</testcase>
<testcase name="TC_LOG_004 密码-有效 #7: 正确密码 -&gt; 登录成功" classname="01-login.spec.js" time="0.773">
</testcase>
<testcase name="TC_LOG_004 密码-有效 #8: 正确密码 -&gt; 登录成功" classname="01-login.spec.js" time="0.757">
</testcase>
<testcase name="TC_LOG_004 密码-有效 #9: 正确密码 -&gt; 登录成功" classname="01-login.spec.js" time="1.188">
</testcase>
<testcase name="TC_LOG_004 密码-有效 #10: 正确密码 -&gt; 登录成功" classname="01-login.spec.js" time="1.083">
</testcase>
<testcase name="TC_LOG_004 密码-有效 #11: 正确密码 -&gt; 登录成功" classname="01-login.spec.js" time="0.993">
</testcase>
<testcase name="TC_LOG_004 密码-有效 #12: 正确密码 -&gt; 登录成功" classname="01-login.spec.js" time="1.061">
</testcase>
<testcase name="TC_LOG_004 密码-有效 #13: 正确密码 -&gt; 登录成功" classname="01-login.spec.js" time="1.412">
</testcase>
<testcase name="TC_LOG_004 密码-有效 #14: 正确密码 -&gt; 登录成功" classname="01-login.spec.js" time="1.416">
</testcase>
<testcase name="TC_LOG_004 密码-有效 #15: 正确密码 -&gt; 登录成功" classname="01-login.spec.js" time="1.636">
</testcase>
<testcase name="TC_LOG_004 密码-有效 #16: 正确密码 -&gt; 登录成功" classname="01-login.spec.js" time="0.99">
</testcase>
<testcase name="TC_LOG_004 密码-有效 #17: 正确密码 -&gt; 登录成功" classname="01-login.spec.js" time="0.807">
</testcase>
<testcase name="TC_LOG_004 密码-有效 #18: 正确密码 -&gt; 登录成功" classname="01-login.spec.js" time="1.208">
</testcase>
<testcase name="TC_LOG_004 密码-有效 #19: 正确密码 -&gt; 登录成功" classname="01-login.spec.js" time="0.804">
</testcase>
<testcase name="TC_LOG_004 密码-有效 #20: 正确密码 -&gt; 登录成功" classname="01-login.spec.js" time="1.166">
</testcase>
<testcase name="TC_LOG_004 密码-有效 #21: 正确密码 -&gt; 登录成功" classname="01-login.spec.js" time="1.402">
</testcase>
<testcase name="TC_LOG_004 密码-有效 #22: 正确密码 -&gt; 登录成功" classname="01-login.spec.js" time="0.999">
</testcase>
<testcase name="TC_LOG_004 密码-有效 #23: 正确密码 -&gt; 登录成功" classname="01-login.spec.js" time="0.999">
</testcase>
<testcase name="TC_LOG_004 密码-有效 #24: 正确密码 -&gt; 登录成功" classname="01-login.spec.js" time="1.946">
</testcase>
<testcase name="TC_LOG_004 密码-有效 #25: 正确密码 -&gt; 登录成功" classname="01-login.spec.js" time="1.21">
</testcase>
<testcase name="TC_LOG_004 密码-有效 #26: 正确密码 -&gt; 登录成功" classname="01-login.spec.js" time="1.26">
</testcase>
<testcase name="TC_LOG_004 密码-有效 #27: 正确密码 -&gt; 登录成功" classname="01-login.spec.js" time="1.639">
</testcase>
<testcase name="TC_LOG_004 密码-有效 #28: 正确密码 -&gt; 登录成功" classname="01-login.spec.js" time="0.806">
</testcase>
<testcase name="TC_LOG_004 密码-有效 #29: 正确密码 -&gt; 登录成功" classname="01-login.spec.js" time="1.06">
</testcase>
<testcase name="TC_LOG_004 密码-有效 #30: 正确密码 -&gt; 登录成功" classname="01-login.spec.js" time="1.296">
</testcase>
<testcase name="TC_LOG_004 密码-有效 #31: 正确密码 -&gt; 登录成功" classname="01-login.spec.js" time="0.963">
</testcase>
<testcase name="TC_LOG_004 密码-有效 #32: 正确密码 -&gt; 登录成功" classname="01-login.spec.js" time="0.822">
</testcase>
<testcase name="TC_LOG_004 密码-有效 #33: 正确密码 -&gt; 登录成功" classname="01-login.spec.js" time="1.034">
</testcase>
<testcase name="TC_LOG_004 密码-有效 #34: 正确密码 -&gt; 登录成功" classname="01-login.spec.js" time="1.03">
</testcase>
<testcase name="TC_LOG_004 密码-有效 #35: 正确密码 -&gt; 登录成功" classname="01-login.spec.js" time="1.065">
</testcase>
<testcase name="TC_LOG_004 密码-有效 #36: 正确密码 -&gt; 登录成功" classname="01-login.spec.js" time="2.545">
</testcase>
<testcase name="TC_LOG_004 密码-有效 #37: 正确密码 -&gt; 登录成功" classname="01-login.spec.js" time="1.636">
</testcase>
<testcase name="TC_LOG_004 密码-有效 #38: 正确密码 -&gt; 登录成功" classname="01-login.spec.js" time="1">
</testcase>
<testcase name="TC_LOG_004 密码-有效 #39: 正确密码 -&gt; 登录成功" classname="01-login.spec.js" time="1.362">
</testcase>
<testcase name="TC_LOG_004 密码-有效 #40: 正确密码 -&gt; 登录成功" classname="01-login.spec.js" time="0.976">
</testcase>
<testcase name="TC_LOG_004 密码-有效 #41: 正确密码 -&gt; 登录成功" classname="01-login.spec.js" time="0.983">
</testcase>
<testcase name="TC_LOG_004 密码-有效 #42: 正确密码 -&gt; 登录成功" classname="01-login.spec.js" time="0.994">
</testcase>
<testcase name="TC_LOG_004 密码-有效 #43: 正确密码 -&gt; 登录成功" classname="01-login.spec.js" time="0.792">
</testcase>
<testcase name="TC_LOG_004 密码-有效 #44: 正确密码 -&gt; 登录成功" classname="01-login.spec.js" time="1.455">
</testcase>
<testcase name="TC_LOG_004 密码-有效 #45: 正确密码 -&gt; 登录成功" classname="01-login.spec.js" time="1.302">
</testcase>
<testcase name="TC_LOG_004 密码-有效 #46: 正确密码 -&gt; 登录成功" classname="01-login.spec.js" time="0.777">
</testcase>
<testcase name="TC_LOG_004 密码-有效 #47: 正确密码 -&gt; 登录成功" classname="01-login.spec.js" time="0.793">
</testcase>
<testcase name="TC_LOG_004 密码-有效 #48: 正确密码 -&gt; 登录成功" classname="01-login.spec.js" time="1.485">
</testcase>
<testcase name="TC_LOG_004 密码-有效 #49: 正确密码 -&gt; 登录成功" classname="01-login.spec.js" time="2.62">
</testcase>
<testcase name="TC_LOG_004 密码-有效 #50: 正确密码 -&gt; 登录成功" classname="01-login.spec.js" time="1.461">
</testcase>
<testcase name="TC_LOG_005 密码-无效[空] #1: &quot;&lt;空串&gt;&quot; -&gt; 提示补全" classname="01-login.spec.js" time="0.574">
</testcase>
<testcase name="TC_LOG_005 密码-无效[空] #2: &quot;  &quot; -&gt; 提示补全" classname="01-login.spec.js" time="0.593">
</testcase>
<testcase name="TC_LOG_005 密码-无效[空] #3: &quot;\t\t\t&quot; -&gt; 提示补全" classname="01-login.spec.js" time="0.574">
</testcase>
<testcase name="TC_LOG_005 密码-无效[空] #4: &quot;\n&quot; -&gt; 提示补全" classname="01-login.spec.js" time="0.987">
</testcase>
<testcase name="TC_LOG_005 密码-无效[空] #5: &quot;\r\r&quot; -&gt; 提示补全" classname="01-login.spec.js" time="1.883">
</testcase>
<testcase name="TC_LOG_005 密码-无效[空] #6: &quot;&lt;全角空格&gt;&lt;全角空格&gt;&lt;全角空格&gt;&quot; -&gt; 提示补全" classname="01-login.spec.js" time="0.587">
</testcase>
<testcase name="TC_LOG_005 密码-无效[空] #7: &quot;  &quot; -&gt; 提示补全" classname="01-login.spec.js" time="0.584">
</testcase>
<testcase name="TC_LOG_005 密码-无效[空] #8: &quot; \t  \t &quot; -&gt; 提示补全" classname="01-login.spec.js" time="0.585">
</testcase>
<testcase name="TC_LOG_005 密码-无效[空] #9: &quot;\t\t\t\t\t\t&quot; -&gt; 提示补全" classname="01-login.spec.js" time="0.852">
</testcase>
<testcase name="TC_LOG_005 密码-无效[空] #10: &quot;   &quot; -&gt; 提示补全" classname="01-login.spec.js" time="0.646">
</testcase>
<testcase name="TC_LOG_005 密码-无效[空] #11: &quot;\n \n &quot; -&gt; 提示补全" classname="01-login.spec.js" time="0.668">
</testcase>
<testcase name="TC_LOG_005 密码-无效[空] #12: &quot; &lt;全角空格&gt; &lt;全角空格&gt; &lt;全角空格&gt;&quot; -&gt; 提示补全" classname="01-login.spec.js" time="0.587">
</testcase>
<testcase name="TC_LOG_005 密码-无效[空] #13: &quot;&lt;空串&gt;&quot; -&gt; 提示补全" classname="01-login.spec.js" time="1.022">
</testcase>
<testcase name="TC_LOG_005 密码-无效[空] #14: &quot;  &quot; -&gt; 提示补全" classname="01-login.spec.js" time="0.646">
</testcase>
<testcase name="TC_LOG_005 密码-无效[空] #15: &quot;\t\t\t&quot; -&gt; 提示补全" classname="01-login.spec.js" time="0.616">
</testcase>
<testcase name="TC_LOG_005 密码-无效[空] #16: &quot;\n&quot; -&gt; 提示补全" classname="01-login.spec.js" time="0.608">
</testcase>
<testcase name="TC_LOG_005 密码-无效[空] #17: &quot;\r\r&quot; -&gt; 提示补全" classname="01-login.spec.js" time="0.615">
</testcase>
<testcase name="TC_LOG_005 密码-无效[空] #18: &quot;&lt;全角空格&gt;&lt;全角空格&gt;&lt;全角空格&gt;&quot; -&gt; 提示补全" classname="01-login.spec.js" time="1.008">
</testcase>
<testcase name="TC_LOG_005 密码-无效[空] #19: &quot;  &quot; -&gt; 提示补全" classname="01-login.spec.js" time="2">
</testcase>
<testcase name="TC_LOG_005 密码-无效[空] #20: &quot; \t  \t &quot; -&gt; 提示补全" classname="01-login.spec.js" time="0.569">
</testcase>
<testcase name="TC_LOG_005 密码-无效[空] #21: &quot;\t\t\t\t\t\t&quot; -&gt; 提示补全" classname="01-login.spec.js" time="0.638">
</testcase>
<testcase name="TC_LOG_005 密码-无效[空] #22: &quot;   &quot; -&gt; 提示补全" classname="01-login.spec.js" time="0.582">
</testcase>
<testcase name="TC_LOG_005 密码-无效[空] #23: &quot;\n \n &quot; -&gt; 提示补全" classname="01-login.spec.js" time="0.602">
</testcase>
<testcase name="TC_LOG_005 密码-无效[空] #24: &quot; &lt;全角空格&gt; &lt;全角空格&gt; &lt;全角空格&gt;&quot; -&gt; 提示补全" classname="01-login.spec.js" time="0.639">
</testcase>
<testcase name="TC_LOG_005 密码-无效[空] #25: &quot;&lt;空串&gt;&quot; -&gt; 提示补全" classname="01-login.spec.js" time="0.567">
</testcase>
<testcase name="TC_LOG_005 密码-无效[空] #26: &quot;  &quot; -&gt; 提示补全" classname="01-login.spec.js" time="0.608">
</testcase>
<testcase name="TC_LOG_005 密码-无效[空] #27: &quot;\t\t\t&quot; -&gt; 提示补全" classname="01-login.spec.js" time="0.975">
</testcase>
<testcase name="TC_LOG_005 密码-无效[空] #28: &quot;\n&quot; -&gt; 提示补全" classname="01-login.spec.js" time="0.623">
</testcase>
<testcase name="TC_LOG_005 密码-无效[空] #29: &quot;\r\r&quot; -&gt; 提示补全" classname="01-login.spec.js" time="1.225">
</testcase>
<testcase name="TC_LOG_005 密码-无效[空] #30: &quot;&lt;全角空格&gt;&lt;全角空格&gt;&lt;全角空格&gt;&quot; -&gt; 提示补全" classname="01-login.spec.js" time="0.628">
</testcase>
<testcase name="TC_LOG_005 密码-无效[空] #31: &quot;  &quot; -&gt; 提示补全" classname="01-login.spec.js" time="0.571">
</testcase>
<testcase name="TC_LOG_005 密码-无效[空] #32: &quot; \t  \t &quot; -&gt; 提示补全" classname="01-login.spec.js" time="0.599">
</testcase>
<testcase name="TC_LOG_005 密码-无效[空] #33: &quot;\t\t\t\t\t\t&quot; -&gt; 提示补全" classname="01-login.spec.js" time="1.297">
</testcase>
<testcase name="TC_LOG_005 密码-无效[空] #34: &quot;   &quot; -&gt; 提示补全" classname="01-login.spec.js" time="0.958">
</testcase>
<testcase name="TC_LOG_005 密码-无效[空] #35: &quot;\n \n &quot; -&gt; 提示补全" classname="01-login.spec.js" time="0.576">
</testcase>
<testcase name="TC_LOG_005 密码-无效[空] #36: &quot; &lt;全角空格&gt; &lt;全角空格&gt; &lt;全角空格&gt;&quot; -&gt; 提示补全" classname="01-login.spec.js" time="0.826">
</testcase>
<testcase name="TC_LOG_005 密码-无效[空] #37: &quot;&lt;空串&gt;&quot; -&gt; 提示补全" classname="01-login.spec.js" time="0.566">
</testcase>
<testcase name="TC_LOG_005 密码-无效[空] #38: &quot;  &quot; -&gt; 提示补全" classname="01-login.spec.js" time="0.578">
</testcase>
<testcase name="TC_LOG_005 密码-无效[空] #39: &quot;\t\t\t&quot; -&gt; 提示补全" classname="01-login.spec.js" time="0.571">
</testcase>
<testcase name="TC_LOG_005 密码-无效[空] #40: &quot;\n&quot; -&gt; 提示补全" classname="01-login.spec.js" time="0.591">
</testcase>
<testcase name="TC_LOG_005 密码-无效[空] #41: &quot;\r\r&quot; -&gt; 提示补全" classname="01-login.spec.js" time="0.578">
</testcase>
<testcase name="TC_LOG_005 密码-无效[空] #42: &quot;&lt;全角空格&gt;&lt;全角空格&gt;&lt;全角空格&gt;&quot; -&gt; 提示补全" classname="01-login.spec.js" time="0.614">
</testcase>
<testcase name="TC_LOG_005 密码-无效[空] #43: &quot;  &quot; -&gt; 提示补全" classname="01-login.spec.js" time="0.987">
</testcase>
<testcase name="TC_LOG_005 密码-无效[空] #44: &quot; \t  \t &quot; -&gt; 提示补全" classname="01-login.spec.js" time="1.056">
</testcase>
<testcase name="TC_LOG_005 密码-无效[空] #45: &quot;\t\t\t\t\t\t&quot; -&gt; 提示补全" classname="01-login.spec.js" time="0.589">
</testcase>
<testcase name="TC_LOG_005 密码-无效[空] #46: &quot;   &quot; -&gt; 提示补全" classname="01-login.spec.js" time="0.599">
</testcase>
<testcase name="TC_LOG_005 密码-无效[空] #47: &quot;\n \n &quot; -&gt; 提示补全" classname="01-login.spec.js" time="0.988">
</testcase>
<testcase name="TC_LOG_005 密码-无效[空] #48: &quot; &lt;全角空格&gt; &lt;全角空格&gt; &lt;全角空格&gt;&quot; -&gt; 提示补全" classname="01-login.spec.js" time="0.593">
</testcase>
<testcase name="TC_LOG_005 密码-无效[空] #49: &quot;&lt;空串&gt;&quot; -&gt; 提示补全" classname="01-login.spec.js" time="0.873">
</testcase>
<testcase name="TC_LOG_005 密码-无效[空] #50: &quot;  &quot; -&gt; 提示补全" classname="01-login.spec.js" time="0.851">
</testcase>
<testcase name="TC_LOG_006 密码-无效[错误] #1 -&gt; 账号或密码错误" classname="01-login.spec.js" time="0.973">
</testcase>
<testcase name="TC_LOG_006 密码-无效[错误] #2 -&gt; 账号或密码错误" classname="01-login.spec.js" time="1.091">
</testcase>
<testcase name="TC_LOG_006 密码-无效[错误] #3 -&gt; 账号或密码错误" classname="01-login.spec.js" time="0.952">
</testcase>
<testcase name="TC_LOG_006 密码-无效[错误] #4 -&gt; 账号或密码错误" classname="01-login.spec.js" time="0.933">
</testcase>
<testcase name="TC_LOG_006 密码-无效[错误] #5 -&gt; 账号或密码错误" classname="01-login.spec.js" time="0.687">
</testcase>
<testcase name="TC_LOG_006 密码-无效[错误] #6 -&gt; 账号或密码错误" classname="01-login.spec.js" time="0.981">
</testcase>
<testcase name="TC_LOG_006 密码-无效[错误] #7 -&gt; 账号或密码错误" classname="01-login.spec.js" time="0.941">
</testcase>
<testcase name="TC_LOG_006 密码-无效[错误] #8 -&gt; 账号或密码错误" classname="01-login.spec.js" time="0.947">
</testcase>
<testcase name="TC_LOG_006 密码-无效[错误] #9 -&gt; 账号或密码错误" classname="01-login.spec.js" time="0.699">
</testcase>
<testcase name="TC_LOG_006 密码-无效[错误] #10 -&gt; 账号或密码错误" classname="01-login.spec.js" time="0.987">
</testcase>
<testcase name="TC_LOG_006 密码-无效[错误] #11 -&gt; 账号或密码错误" classname="01-login.spec.js" time="0.993">
</testcase>
<testcase name="TC_LOG_006 密码-无效[错误] #12 -&gt; 账号或密码错误" classname="01-login.spec.js" time="1.01">
</testcase>
<testcase name="TC_LOG_006 密码-无效[错误] #13 -&gt; 账号或密码错误" classname="01-login.spec.js" time="0.995">
</testcase>
<testcase name="TC_LOG_006 密码-无效[错误] #14 -&gt; 账号或密码错误" classname="01-login.spec.js" time="1.03">
</testcase>
<testcase name="TC_LOG_006 密码-无效[错误] #15 -&gt; 账号或密码错误" classname="01-login.spec.js" time="1.001">
</testcase>
<testcase name="TC_LOG_006 密码-无效[错误] #16 -&gt; 账号或密码错误" classname="01-login.spec.js" time="1.005">
</testcase>
<testcase name="TC_LOG_006 密码-无效[错误] #17 -&gt; 账号或密码错误" classname="01-login.spec.js" time="0.98">
</testcase>
<testcase name="TC_LOG_006 密码-无效[错误] #18 -&gt; 账号或密码错误" classname="01-login.spec.js" time="0.977">
</testcase>
<testcase name="TC_LOG_006 密码-无效[错误] #19 -&gt; 账号或密码错误" classname="01-login.spec.js" time="0.976">
</testcase>
<testcase name="TC_LOG_006 密码-无效[错误] #20 -&gt; 账号或密码错误" classname="01-login.spec.js" time="0.952">
</testcase>
<testcase name="TC_LOG_006 密码-无效[错误] #21 -&gt; 账号或密码错误" classname="01-login.spec.js" time="0.98">
</testcase>
<testcase name="TC_LOG_006 密码-无效[错误] #22 -&gt; 账号或密码错误" classname="01-login.spec.js" time="1.011">
</testcase>
<testcase name="TC_LOG_006 密码-无效[错误] #23 -&gt; 账号或密码错误" classname="01-login.spec.js" time="0.99">
</testcase>
<testcase name="TC_LOG_006 密码-无效[错误] #24 -&gt; 账号或密码错误" classname="01-login.spec.js" time="0.986">
</testcase>
<testcase name="TC_LOG_006 密码-无效[错误] #25 -&gt; 账号或密码错误" classname="01-login.spec.js" time="1.019">
</testcase>
<testcase name="TC_LOG_006 密码-无效[错误] #26 -&gt; 账号或密码错误" classname="01-login.spec.js" time="1.029">
</testcase>
<testcase name="TC_LOG_006 密码-无效[错误] #27 -&gt; 账号或密码错误" classname="01-login.spec.js" time="0.976">
</testcase>
<testcase name="TC_LOG_006 密码-无效[错误] #28 -&gt; 账号或密码错误" classname="01-login.spec.js" time="0.957">
</testcase>
<testcase name="TC_LOG_006 密码-无效[错误] #29 -&gt; 账号或密码错误" classname="01-login.spec.js" time="0.962">
</testcase>
<testcase name="TC_LOG_006 密码-无效[错误] #30 -&gt; 账号或密码错误" classname="01-login.spec.js" time="0.924">
</testcase>
<testcase name="TC_LOG_006 密码-无效[错误] #31 -&gt; 账号或密码错误" classname="01-login.spec.js" time="0.955">
</testcase>
<testcase name="TC_LOG_006 密码-无效[错误] #32 -&gt; 账号或密码错误" classname="01-login.spec.js" time="0.997">
</testcase>
<testcase name="TC_LOG_006 密码-无效[错误] #33 -&gt; 账号或密码错误" classname="01-login.spec.js" time="0.972">
</testcase>
<testcase name="TC_LOG_006 密码-无效[错误] #34 -&gt; 账号或密码错误" classname="01-login.spec.js" time="0.947">
</testcase>
<testcase name="TC_LOG_006 密码-无效[错误] #35 -&gt; 账号或密码错误" classname="01-login.spec.js" time="0.679">
</testcase>
<testcase name="TC_LOG_006 密码-无效[错误] #36 -&gt; 账号或密码错误" classname="01-login.spec.js" time="0.705">
</testcase>
<testcase name="TC_LOG_006 密码-无效[错误] #37 -&gt; 账号或密码错误" classname="01-login.spec.js" time="0.721">
</testcase>
<testcase name="TC_LOG_006 密码-无效[错误] #38 -&gt; 账号或密码错误" classname="01-login.spec.js" time="0.691">
</testcase>
<testcase name="TC_LOG_006 密码-无效[错误] #39 -&gt; 账号或密码错误" classname="01-login.spec.js" time="0.689">
</testcase>
<testcase name="TC_LOG_006 密码-无效[错误] #40 -&gt; 账号或密码错误" classname="01-login.spec.js" time="0.718">
</testcase>
<testcase name="TC_LOG_006 密码-无效[错误] #41 -&gt; 账号或密码错误" classname="01-login.spec.js" time="0.672">
</testcase>
<testcase name="TC_LOG_006 密码-无效[错误] #42 -&gt; 账号或密码错误" classname="01-login.spec.js" time="0.708">
</testcase>
<testcase name="TC_LOG_006 密码-无效[错误] #43 -&gt; 账号或密码错误" classname="01-login.spec.js" time="1.036">
</testcase>
<testcase name="TC_LOG_006 密码-无效[错误] #44 -&gt; 账号或密码错误" classname="01-login.spec.js" time="0.943">
</testcase>
<testcase name="TC_LOG_006 密码-无效[错误] #45 -&gt; 账号或密码错误" classname="01-login.spec.js" time="0.964">
</testcase>
<testcase name="TC_LOG_006 密码-无效[错误] #46 -&gt; 账号或密码错误" classname="01-login.spec.js" time="0.969">
</testcase>
<testcase name="TC_LOG_006 密码-无效[错误] #47 -&gt; 账号或密码错误" classname="01-login.spec.js" time="0.684">
</testcase>
<testcase name="TC_LOG_006 密码-无效[错误] #48 -&gt; 账号或密码错误" classname="01-login.spec.js" time="1.018">
</testcase>
<testcase name="TC_LOG_006 密码-无效[错误] #49 -&gt; 账号或密码错误" classname="01-login.spec.js" time="0.983">
</testcase>
<testcase name="TC_LOG_006 密码-无效[错误] #50 -&gt; 账号或密码错误" classname="01-login.spec.js" time="0.984">
</testcase>
</testsuite>
<testsuite name="02-register.spec.js" timestamp="2026-07-16T06:32:54.055Z" hostname="guest" tests="900" failures="100" skipped="50" time="1444.657" errors="0">
<testcase name="TC_REG_001 用户名-有效[创建] #1 -&gt; 注册成功" classname="02-register.spec.js">
<properties>
<property name="skip" value="">
</property>
</properties>
<skipped>
</skipped>
</testcase>
<testcase name="TC_REG_001 用户名-有效[创建] #2 -&gt; 注册成功" classname="02-register.spec.js">
<properties>
<property name="skip" value="">
</property>
</properties>
<skipped>
</skipped>
</testcase>
<testcase name="TC_REG_001 用户名-有效[创建] #3 -&gt; 注册成功" classname="02-register.spec.js">
<properties>
<property name="skip" value="">
</property>
</properties>
<skipped>
</skipped>
</testcase>
<testcase name="TC_REG_001 用户名-有效[创建] #4 -&gt; 注册成功" classname="02-register.spec.js">
<properties>
<property name="skip" value="">
</property>
</properties>
<skipped>
</skipped>
</testcase>
<testcase name="TC_REG_001 用户名-有效[创建] #5 -&gt; 注册成功" classname="02-register.spec.js">
<properties>
<property name="skip" value="">
</property>
</properties>
<skipped>
</skipped>
</testcase>
<testcase name="TC_REG_001 用户名-有效[创建] #6 -&gt; 注册成功" classname="02-register.spec.js">
<properties>
<property name="skip" value="">
</property>
</properties>
<skipped>
</skipped>
</testcase>
<testcase name="TC_REG_001 用户名-有效[创建] #7 -&gt; 注册成功" classname="02-register.spec.js">
<properties>
<property name="skip" value="">
</property>
</properties>
<skipped>
</skipped>
</testcase>
<testcase name="TC_REG_001 用户名-有效[创建] #8 -&gt; 注册成功" classname="02-register.spec.js">
<properties>
<property name="skip" value="">
</property>
</properties>
<skipped>
</skipped>
</testcase>
<testcase name="TC_REG_001 用户名-有效[创建] #9 -&gt; 注册成功" classname="02-register.spec.js">
<properties>
<property name="skip" value="">
</property>
</properties>
<skipped>
</skipped>
</testcase>
<testcase name="TC_REG_001 用户名-有效[创建] #10 -&gt; 注册成功" classname="02-register.spec.js">
<properties>
<property name="skip" value="">
</property>
</properties>
<skipped>
</skipped>
</testcase>
<testcase name="TC_REG_001 用户名-有效[创建] #11 -&gt; 注册成功" classname="02-register.spec.js">
<properties>
<property name="skip" value="">
</property>
</properties>
<skipped>
</skipped>
</testcase>
<testcase name="TC_REG_001 用户名-有效[创建] #12 -&gt; 注册成功" classname="02-register.spec.js">
<properties>
<property name="skip" value="">
</property>
</properties>
<skipped>
</skipped>
</testcase>
<testcase name="TC_REG_001 用户名-有效[创建] #13 -&gt; 注册成功" classname="02-register.spec.js">
<properties>
<property name="skip" value="">
</property>
</properties>
<skipped>
</skipped>
</testcase>
<testcase name="TC_REG_001 用户名-有效[创建] #14 -&gt; 注册成功" classname="02-register.spec.js">
<properties>
<property name="skip" value="">
</property>
</properties>
<skipped>
</skipped>
</testcase>
<testcase name="TC_REG_001 用户名-有效[创建] #15 -&gt; 注册成功" classname="02-register.spec.js">
<properties>
<property name="skip" value="">
</property>
</properties>
<skipped>
</skipped>
</testcase>
<testcase name="TC_REG_001 用户名-有效[创建] #16 -&gt; 注册成功" classname="02-register.spec.js">
<properties>
<property name="skip" value="">
</property>
</properties>
<skipped>
</skipped>
</testcase>
<testcase name="TC_REG_001 用户名-有效[创建] #17 -&gt; 注册成功" classname="02-register.spec.js">
<properties>
<property name="skip" value="">
</property>
</properties>
<skipped>
</skipped>
</testcase>
<testcase name="TC_REG_001 用户名-有效[创建] #18 -&gt; 注册成功" classname="02-register.spec.js">
<properties>
<property name="skip" value="">
</property>
</properties>
<skipped>
</skipped>
</testcase>
<testcase name="TC_REG_001 用户名-有效[创建] #19 -&gt; 注册成功" classname="02-register.spec.js">
<properties>
<property name="skip" value="">
</property>
</properties>
<skipped>
</skipped>
</testcase>
<testcase name="TC_REG_001 用户名-有效[创建] #20 -&gt; 注册成功" classname="02-register.spec.js">
<properties>
<property name="skip" value="">
</property>
</properties>
<skipped>
</skipped>
</testcase>
<testcase name="TC_REG_001 用户名-有效[创建] #21 -&gt; 注册成功" classname="02-register.spec.js">
<properties>
<property name="skip" value="">
</property>
</properties>
<skipped>
</skipped>
</testcase>
<testcase name="TC_REG_001 用户名-有效[创建] #22 -&gt; 注册成功" classname="02-register.spec.js">
<properties>
<property name="skip" value="">
</property>
</properties>
<skipped>
</skipped>
</testcase>
<testcase name="TC_REG_001 用户名-有效[创建] #23 -&gt; 注册成功" classname="02-register.spec.js">
<properties>
<property name="skip" value="">
</property>
</properties>
<skipped>
</skipped>
</testcase>
<testcase name="TC_REG_001 用户名-有效[创建] #24 -&gt; 注册成功" classname="02-register.spec.js">
<properties>
<property name="skip" value="">
</property>
</properties>
<skipped>
</skipped>
</testcase>
<testcase name="TC_REG_001 用户名-有效[创建] #25 -&gt; 注册成功" classname="02-register.spec.js">
<properties>
<property name="skip" value="">
</property>
</properties>
<skipped>
</skipped>
</testcase>
<testcase name="TC_REG_001 用户名-有效[创建] #26 -&gt; 注册成功" classname="02-register.spec.js">
<properties>
<property name="skip" value="">
</property>
</properties>
<skipped>
</skipped>
</testcase>
<testcase name="TC_REG_001 用户名-有效[创建] #27 -&gt; 注册成功" classname="02-register.spec.js">
<properties>
<property name="skip" value="">
</property>
</properties>
<skipped>
</skipped>
</testcase>
<testcase name="TC_REG_001 用户名-有效[创建] #28 -&gt; 注册成功" classname="02-register.spec.js">
<properties>
<property name="skip" value="">
</property>
</properties>
<skipped>
</skipped>
</testcase>
<testcase name="TC_REG_001 用户名-有效[创建] #29 -&gt; 注册成功" classname="02-register.spec.js">
<properties>
<property name="skip" value="">
</property>
</properties>
<skipped>
</skipped>
</testcase>
<testcase name="TC_REG_001 用户名-有效[创建] #30 -&gt; 注册成功" classname="02-register.spec.js">
<properties>
<property name="skip" value="">
</property>
</properties>
<skipped>
</skipped>
</testcase>
<testcase name="TC_REG_001 用户名-有效[创建] #31 -&gt; 注册成功" classname="02-register.spec.js">
<properties>
<property name="skip" value="">
</property>
</properties>
<skipped>
</skipped>
</testcase>
<testcase name="TC_REG_001 用户名-有效[创建] #32 -&gt; 注册成功" classname="02-register.spec.js">
<properties>
<property name="skip" value="">
</property>
</properties>
<skipped>
</skipped>
</testcase>
<testcase name="TC_REG_001 用户名-有效[创建] #33 -&gt; 注册成功" classname="02-register.spec.js">
<properties>
<property name="skip" value="">
</property>
</properties>
<skipped>
</skipped>
</testcase>
<testcase name="TC_REG_001 用户名-有效[创建] #34 -&gt; 注册成功" classname="02-register.spec.js">
<properties>
<property name="skip" value="">
</property>
</properties>
<skipped>
</skipped>
</testcase>
<testcase name="TC_REG_001 用户名-有效[创建] #35 -&gt; 注册成功" classname="02-register.spec.js">
<properties>
<property name="skip" value="">
</property>
</properties>
<skipped>
</skipped>
</testcase>
<testcase name="TC_REG_001 用户名-有效[创建] #36 -&gt; 注册成功" classname="02-register.spec.js">
<properties>
<property name="skip" value="">
</property>
</properties>
<skipped>
</skipped>
</testcase>
<testcase name="TC_REG_001 用户名-有效[创建] #37 -&gt; 注册成功" classname="02-register.spec.js">
<properties>
<property name="skip" value="">
</property>
</properties>
<skipped>
</skipped>
</testcase>
<testcase name="TC_REG_001 用户名-有效[创建] #38 -&gt; 注册成功" classname="02-register.spec.js">
<properties>
<property name="skip" value="">
</property>
</properties>
<skipped>
</skipped>
</testcase>
<testcase name="TC_REG_001 用户名-有效[创建] #39 -&gt; 注册成功" classname="02-register.spec.js">
<properties>
<property name="skip" value="">
</property>
</properties>
<skipped>
</skipped>
</testcase>
<testcase name="TC_REG_001 用户名-有效[创建] #40 -&gt; 注册成功" classname="02-register.spec.js">
<properties>
<property name="skip" value="">
</property>
</properties>
<skipped>
</skipped>
</testcase>
<testcase name="TC_REG_001 用户名-有效[创建] #41 -&gt; 注册成功" classname="02-register.spec.js">
<properties>
<property name="skip" value="">
</property>
</properties>
<skipped>
</skipped>
</testcase>
<testcase name="TC_REG_001 用户名-有效[创建] #42 -&gt; 注册成功" classname="02-register.spec.js">
<properties>
<property name="skip" value="">
</property>
</properties>
<skipped>
</skipped>
</testcase>
<testcase name="TC_REG_001 用户名-有效[创建] #43 -&gt; 注册成功" classname="02-register.spec.js">
<properties>
<property name="skip" value="">
</property>
</properties>
<skipped>
</skipped>
</testcase>
<testcase name="TC_REG_001 用户名-有效[创建] #44 -&gt; 注册成功" classname="02-register.spec.js">
<properties>
<property name="skip" value="">
</property>
</properties>
<skipped>
</skipped>
</testcase>
<testcase name="TC_REG_001 用户名-有效[创建] #45 -&gt; 注册成功" classname="02-register.spec.js">
<properties>
<property name="skip" value="">
</property>
</properties>
<skipped>
</skipped>
</testcase>
<testcase name="TC_REG_001 用户名-有效[创建] #46 -&gt; 注册成功" classname="02-register.spec.js">
<properties>
<property name="skip" value="">
</property>
</properties>
<skipped>
</skipped>
</testcase>
<testcase name="TC_REG_001 用户名-有效[创建] #47 -&gt; 注册成功" classname="02-register.spec.js">
<properties>
<property name="skip" value="">
</property>
</properties>
<skipped>
</skipped>
</testcase>
<testcase name="TC_REG_001 用户名-有效[创建] #48 -&gt; 注册成功" classname="02-register.spec.js">
<properties>
<property name="skip" value="">
</property>
</properties>
<skipped>
</skipped>
</testcase>
<testcase name="TC_REG_001 用户名-有效[创建] #49 -&gt; 注册成功" classname="02-register.spec.js">
<properties>
<property name="skip" value="">
</property>
</properties>
<skipped>
</skipped>
</testcase>
<testcase name="TC_REG_001 用户名-有效[创建] #50 -&gt; 注册成功" classname="02-register.spec.js">
<properties>
<property name="skip" value="">
</property>
</properties>
<skipped>
</skipped>
</testcase>
<testcase name="TC_REG_002 用户名-无效[空] #1: &quot;&lt;空串&gt;&quot; -&gt; 提示补全" classname="02-register.spec.js" time="0.616">
</testcase>
<testcase name="TC_REG_002 用户名-无效[空] #2: &quot;  &quot; -&gt; 提示补全" classname="02-register.spec.js" time="0.625">
</testcase>
<testcase name="TC_REG_002 用户名-无效[空] #3: &quot;\t\t\t&quot; -&gt; 提示补全" classname="02-register.spec.js" time="0.621">
</testcase>
<testcase name="TC_REG_002 用户名-无效[空] #4: &quot;\n&quot; -&gt; 提示补全" classname="02-register.spec.js" time="0.604">
</testcase>
<testcase name="TC_REG_002 用户名-无效[空] #5: &quot;\r\r&quot; -&gt; 提示补全" classname="02-register.spec.js" time="0.611">
</testcase>
<testcase name="TC_REG_002 用户名-无效[空] #6: &quot;&lt;全角空格&gt;&lt;全角空格&gt;&lt;全角空格&gt;&quot; -&gt; 提示补全" classname="02-register.spec.js" time="0.652">
</testcase>
<testcase name="TC_REG_002 用户名-无效[空] #7: &quot;  &quot; -&gt; 提示补全" classname="02-register.spec.js" time="0.683">
</testcase>
<testcase name="TC_REG_002 用户名-无效[空] #8: &quot; \t  \t &quot; -&gt; 提示补全" classname="02-register.spec.js" time="0.651">
</testcase>
<testcase name="TC_REG_002 用户名-无效[空] #9: &quot;\t\t\t\t\t\t&quot; -&gt; 提示补全" classname="02-register.spec.js" time="0.674">
</testcase>
<testcase name="TC_REG_002 用户名-无效[空] #10: &quot;   &quot; -&gt; 提示补全" classname="02-register.spec.js" time="0.632">
</testcase>
<testcase name="TC_REG_002 用户名-无效[空] #11: &quot;\n \n &quot; -&gt; 提示补全" classname="02-register.spec.js" time="0.638">
</testcase>
<testcase name="TC_REG_002 用户名-无效[空] #12: &quot; &lt;全角空格&gt; &lt;全角空格&gt; &lt;全角空格&gt;&quot; -&gt; 提示补全" classname="02-register.spec.js" time="0.621">
</testcase>
<testcase name="TC_REG_002 用户名-无效[空] #13: &quot;&lt;空串&gt;&quot; -&gt; 提示补全" classname="02-register.spec.js" time="0.636">
</testcase>
<testcase name="TC_REG_002 用户名-无效[空] #14: &quot;  &quot; -&gt; 提示补全" classname="02-register.spec.js" time="0.621">
</testcase>
<testcase name="TC_REG_002 用户名-无效[空] #15: &quot;\t\t\t&quot; -&gt; 提示补全" classname="02-register.spec.js" time="0.649">
</testcase>
<testcase name="TC_REG_002 用户名-无效[空] #16: &quot;\n&quot; -&gt; 提示补全" classname="02-register.spec.js" time="0.652">
</testcase>
<testcase name="TC_REG_002 用户名-无效[空] #17: &quot;\r\r&quot; -&gt; 提示补全" classname="02-register.spec.js" time="0.721">
</testcase>
<testcase name="TC_REG_002 用户名-无效[空] #18: &quot;&lt;全角空格&gt;&lt;全角空格&gt;&lt;全角空格&gt;&quot; -&gt; 提示补全" classname="02-register.spec.js" time="0.628">
</testcase>
<testcase name="TC_REG_002 用户名-无效[空] #19: &quot;  &quot; -&gt; 提示补全" classname="02-register.spec.js" time="0.689">
</testcase>
<testcase name="TC_REG_002 用户名-无效[空] #20: &quot; \t  \t &quot; -&gt; 提示补全" classname="02-register.spec.js" time="0.642">
</testcase>
<testcase name="TC_REG_002 用户名-无效[空] #21: &quot;\t\t\t\t\t\t&quot; -&gt; 提示补全" classname="02-register.spec.js" time="0.633">
</testcase>
<testcase name="TC_REG_002 用户名-无效[空] #22: &quot;   &quot; -&gt; 提示补全" classname="02-register.spec.js" time="0.607">
</testcase>
<testcase name="TC_REG_002 用户名-无效[空] #23: &quot;\n \n &quot; -&gt; 提示补全" classname="02-register.spec.js" time="0.64">
</testcase>
<testcase name="TC_REG_002 用户名-无效[空] #24: &quot; &lt;全角空格&gt; &lt;全角空格&gt; &lt;全角空格&gt;&quot; -&gt; 提示补全" classname="02-register.spec.js" time="0.616">
</testcase>
<testcase name="TC_REG_002 用户名-无效[空] #25: &quot;&lt;空串&gt;&quot; -&gt; 提示补全" classname="02-register.spec.js" time="0.657">
</testcase>
<testcase name="TC_REG_002 用户名-无效[空] #26: &quot;  &quot; -&gt; 提示补全" classname="02-register.spec.js" time="0.654">
</testcase>
<testcase name="TC_REG_002 用户名-无效[空] #27: &quot;\t\t\t&quot; -&gt; 提示补全" classname="02-register.spec.js" time="0.655">
</testcase>
<testcase name="TC_REG_002 用户名-无效[空] #28: &quot;\n&quot; -&gt; 提示补全" classname="02-register.spec.js" time="0.625">
</testcase>
<testcase name="TC_REG_002 用户名-无效[空] #29: &quot;\r\r&quot; -&gt; 提示补全" classname="02-register.spec.js" time="0.676">
</testcase>
<testcase name="TC_REG_002 用户名-无效[空] #30: &quot;&lt;全角空格&gt;&lt;全角空格&gt;&lt;全角空格&gt;&quot; -&gt; 提示补全" classname="02-register.spec.js" time="0.667">
</testcase>
<testcase name="TC_REG_002 用户名-无效[空] #31: &quot;  &quot; -&gt; 提示补全" classname="02-register.spec.js" time="0.67">
</testcase>
<testcase name="TC_REG_002 用户名-无效[空] #32: &quot; \t  \t &quot; -&gt; 提示补全" classname="02-register.spec.js" time="0.675">
</testcase>
<testcase name="TC_REG_002 用户名-无效[空] #33: &quot;\t\t\t\t\t\t&quot; -&gt; 提示补全" classname="02-register.spec.js" time="0.617">
</testcase>
<testcase name="TC_REG_002 用户名-无效[空] #34: &quot;   &quot; -&gt; 提示补全" classname="02-register.spec.js" time="0.649">
</testcase>
<testcase name="TC_REG_002 用户名-无效[空] #35: &quot;\n \n &quot; -&gt; 提示补全" classname="02-register.spec.js" time="0.651">
</testcase>
<testcase name="TC_REG_002 用户名-无效[空] #36: &quot; &lt;全角空格&gt; &lt;全角空格&gt; &lt;全角空格&gt;&quot; -&gt; 提示补全" classname="02-register.spec.js" time="0.652">
</testcase>
<testcase name="TC_REG_002 用户名-无效[空] #37: &quot;&lt;空串&gt;&quot; -&gt; 提示补全" classname="02-register.spec.js" time="0.704">
</testcase>
<testcase name="TC_REG_002 用户名-无效[空] #38: &quot;  &quot; -&gt; 提示补全" classname="02-register.spec.js" time="0.664">
</testcase>
<testcase name="TC_REG_002 用户名-无效[空] #39: &quot;\t\t\t&quot; -&gt; 提示补全" classname="02-register.spec.js" time="0.683">
</testcase>
<testcase name="TC_REG_002 用户名-无效[空] #40: &quot;\n&quot; -&gt; 提示补全" classname="02-register.spec.js" time="0.661">
</testcase>
<testcase name="TC_REG_002 用户名-无效[空] #41: &quot;\r\r&quot; -&gt; 提示补全" classname="02-register.spec.js" time="0.651">
</testcase>
<testcase name="TC_REG_002 用户名-无效[空] #42: &quot;&lt;全角空格&gt;&lt;全角空格&gt;&lt;全角空格&gt;&quot; -&gt; 提示补全" classname="02-register.spec.js" time="0.978">
</testcase>
<testcase name="TC_REG_002 用户名-无效[空] #43: &quot;  &quot; -&gt; 提示补全" classname="02-register.spec.js" time="0.595">
</testcase>
<testcase name="TC_REG_002 用户名-无效[空] #44: &quot; \t  \t &quot; -&gt; 提示补全" classname="02-register.spec.js" time="0.63">
</testcase>
<testcase name="TC_REG_002 用户名-无效[空] #45: &quot;\t\t\t\t\t\t&quot; -&gt; 提示补全" classname="02-register.spec.js" time="0.604">
</testcase>
<testcase name="TC_REG_002 用户名-无效[空] #46: &quot;   &quot; -&gt; 提示补全" classname="02-register.spec.js" time="0.62">
</testcase>
<testcase name="TC_REG_002 用户名-无效[空] #47: &quot;\n \n &quot; -&gt; 提示补全" classname="02-register.spec.js" time="0.635">
</testcase>
<testcase name="TC_REG_002 用户名-无效[空] #48: &quot; &lt;全角空格&gt; &lt;全角空格&gt; &lt;全角空格&gt;&quot; -&gt; 提示补全" classname="02-register.spec.js" time="1.024">
</testcase>
<testcase name="TC_REG_002 用户名-无效[空] #49: &quot;&lt;空串&gt;&quot; -&gt; 提示补全" classname="02-register.spec.js" time="1.01">
</testcase>
<testcase name="TC_REG_002 用户名-无效[空] #50: &quot;  &quot; -&gt; 提示补全" classname="02-register.spec.js" time="0.583">
</testcase>
<testcase name="TC_REG_003 用户名-无效[重复] #1: penguin -&gt; 已注册" classname="02-register.spec.js" time="0.728">
</testcase>
<testcase name="TC_REG_003 用户名-无效[重复] #2: penguin -&gt; 已注册" classname="02-register.spec.js" time="0.72">
</testcase>
<testcase name="TC_REG_003 用户名-无效[重复] #3: penguin -&gt; 已注册" classname="02-register.spec.js" time="1.248">
</testcase>
<testcase name="TC_REG_003 用户名-无效[重复] #4: penguin -&gt; 已注册" classname="02-register.spec.js" time="0.773">
</testcase>
<testcase name="TC_REG_003 用户名-无效[重复] #5: penguin -&gt; 已注册" classname="02-register.spec.js" time="0.77">
</testcase>
<testcase name="TC_REG_003 用户名-无效[重复] #6: penguin -&gt; 已注册" classname="02-register.spec.js" time="0.83">
</testcase>
<testcase name="TC_REG_003 用户名-无效[重复] #7: penguin -&gt; 已注册" classname="02-register.spec.js" time="0.751">
</testcase>
<testcase name="TC_REG_003 用户名-无效[重复] #8: penguin -&gt; 已注册" classname="02-register.spec.js" time="0.783">
</testcase>
<testcase name="TC_REG_003 用户名-无效[重复] #9: penguin -&gt; 已注册" classname="02-register.spec.js" time="0.729">
</testcase>
<testcase name="TC_REG_003 用户名-无效[重复] #10: penguin -&gt; 已注册" classname="02-register.spec.js" time="0.784">
</testcase>
<testcase name="TC_REG_003 用户名-无效[重复] #11: penguin -&gt; 已注册" classname="02-register.spec.js" time="0.757">
</testcase>
<testcase name="TC_REG_003 用户名-无效[重复] #12: penguin -&gt; 已注册" classname="02-register.spec.js" time="0.733">
</testcase>
<testcase name="TC_REG_003 用户名-无效[重复] #13: penguin -&gt; 已注册" classname="02-register.spec.js" time="0.726">
</testcase>
<testcase name="TC_REG_003 用户名-无效[重复] #14: penguin -&gt; 已注册" classname="02-register.spec.js" time="0.734">
</testcase>
<testcase name="TC_REG_003 用户名-无效[重复] #15: penguin -&gt; 已注册" classname="02-register.spec.js" time="1.019">
</testcase>
<testcase name="TC_REG_003 用户名-无效[重复] #16: penguin -&gt; 已注册" classname="02-register.spec.js" time="0.736">
</testcase>
<testcase name="TC_REG_003 用户名-无效[重复] #17: penguin -&gt; 已注册" classname="02-register.spec.js" time="0.694">
</testcase>
<testcase name="TC_REG_003 用户名-无效[重复] #18: penguin -&gt; 已注册" classname="02-register.spec.js" time="0.734">
</testcase>
<testcase name="TC_REG_003 用户名-无效[重复] #19: penguin -&gt; 已注册" classname="02-register.spec.js" time="0.756">
</testcase>
<testcase name="TC_REG_003 用户名-无效[重复] #20: penguin -&gt; 已注册" classname="02-register.spec.js" time="0.753">
</testcase>
<testcase name="TC_REG_003 用户名-无效[重复] #21: penguin -&gt; 已注册" classname="02-register.spec.js" time="0.774">
</testcase>
<testcase name="TC_REG_003 用户名-无效[重复] #22: penguin -&gt; 已注册" classname="02-register.spec.js" time="0.766">
</testcase>
<testcase name="TC_REG_003 用户名-无效[重复] #23: penguin -&gt; 已注册" classname="02-register.spec.js" time="0.751">
</testcase>
<testcase name="TC_REG_003 用户名-无效[重复] #24: penguin -&gt; 已注册" classname="02-register.spec.js" time="0.736">
</testcase>
<testcase name="TC_REG_003 用户名-无效[重复] #25: penguin -&gt; 已注册" classname="02-register.spec.js" time="0.748">
</testcase>
<testcase name="TC_REG_003 用户名-无效[重复] #26: penguin -&gt; 已注册" classname="02-register.spec.js" time="0.738">
</testcase>
<testcase name="TC_REG_003 用户名-无效[重复] #27: penguin -&gt; 已注册" classname="02-register.spec.js" time="0.729">
</testcase>
<testcase name="TC_REG_003 用户名-无效[重复] #28: penguin -&gt; 已注册" classname="02-register.spec.js" time="0.732">
</testcase>
<testcase name="TC_REG_003 用户名-无效[重复] #29: penguin -&gt; 已注册" classname="02-register.spec.js" time="0.727">
</testcase>
<testcase name="TC_REG_003 用户名-无效[重复] #30: penguin -&gt; 已注册" classname="02-register.spec.js" time="0.777">
</testcase>
<testcase name="TC_REG_003 用户名-无效[重复] #31: penguin -&gt; 已注册" classname="02-register.spec.js" time="0.776">
</testcase>
<testcase name="TC_REG_003 用户名-无效[重复] #32: penguin -&gt; 已注册" classname="02-register.spec.js" time="0.733">
</testcase>
<testcase name="TC_REG_003 用户名-无效[重复] #33: penguin -&gt; 已注册" classname="02-register.spec.js" time="0.739">
</testcase>
<testcase name="TC_REG_003 用户名-无效[重复] #34: penguin -&gt; 已注册" classname="02-register.spec.js" time="0.71">
</testcase>
<testcase name="TC_REG_003 用户名-无效[重复] #35: penguin -&gt; 已注册" classname="02-register.spec.js" time="0.727">
</testcase>
<testcase name="TC_REG_003 用户名-无效[重复] #36: penguin -&gt; 已注册" classname="02-register.spec.js" time="0.776">
</testcase>
<testcase name="TC_REG_003 用户名-无效[重复] #37: penguin -&gt; 已注册" classname="02-register.spec.js" time="0.741">
</testcase>
<testcase name="TC_REG_003 用户名-无效[重复] #38: penguin -&gt; 已注册" classname="02-register.spec.js" time="0.732">
</testcase>
<testcase name="TC_REG_003 用户名-无效[重复] #39: penguin -&gt; 已注册" classname="02-register.spec.js" time="0.747">
</testcase>
<testcase name="TC_REG_003 用户名-无效[重复] #40: penguin -&gt; 已注册" classname="02-register.spec.js" time="0.718">
</testcase>
<testcase name="TC_REG_003 用户名-无效[重复] #41: penguin -&gt; 已注册" classname="02-register.spec.js" time="0.721">
</testcase>
<testcase name="TC_REG_003 用户名-无效[重复] #42: penguin -&gt; 已注册" classname="02-register.spec.js" time="0.729">
</testcase>
<testcase name="TC_REG_003 用户名-无效[重复] #43: penguin -&gt; 已注册" classname="02-register.spec.js" time="0.823">
</testcase>
<testcase name="TC_REG_003 用户名-无效[重复] #44: penguin -&gt; 已注册" classname="02-register.spec.js" time="0.811">
</testcase>
<testcase name="TC_REG_003 用户名-无效[重复] #45: penguin -&gt; 已注册" classname="02-register.spec.js" time="0.813">
</testcase>
<testcase name="TC_REG_003 用户名-无效[重复] #46: penguin -&gt; 已注册" classname="02-register.spec.js" time="0.726">
</testcase>
<testcase name="TC_REG_003 用户名-无效[重复] #47: penguin -&gt; 已注册" classname="02-register.spec.js" time="0.719">
</testcase>
<testcase name="TC_REG_003 用户名-无效[重复] #48: penguin -&gt; 已注册" classname="02-register.spec.js" time="0.752">
</testcase>
<testcase name="TC_REG_003 用户名-无效[重复] #49: penguin -&gt; 已注册" classname="02-register.spec.js" time="0.739">
</testcase>
<testcase name="TC_REG_003 用户名-无效[重复] #50: penguin -&gt; 已注册" classname="02-register.spec.js" time="0.719">
</testcase>
<testcase name="TC_REG_004 手机号-有效 #1: 13000000000 -&gt; 通过手机校验" classname="02-register.spec.js" time="0.608">
</testcase>
<testcase name="TC_REG_004 手机号-有效 #2: 13000000007 -&gt; 通过手机校验" classname="02-register.spec.js" time="0.624">
</testcase>
<testcase name="TC_REG_004 手机号-有效 #3: 13000000014 -&gt; 通过手机校验" classname="02-register.spec.js" time="0.671">
</testcase>
<testcase name="TC_REG_004 手机号-有效 #4: 13000000021 -&gt; 通过手机校验" classname="02-register.spec.js" time="0.634">
</testcase>
<testcase name="TC_REG_004 手机号-有效 #5: 13000000028 -&gt; 通过手机校验" classname="02-register.spec.js" time="0.655">
</testcase>
<testcase name="TC_REG_004 手机号-有效 #6: 13000000035 -&gt; 通过手机校验" classname="02-register.spec.js" time="0.661">
</testcase>
<testcase name="TC_REG_004 手机号-有效 #7: 13000000042 -&gt; 通过手机校验" classname="02-register.spec.js" time="0.655">
</testcase>
<testcase name="TC_REG_004 手机号-有效 #8: 13000000049 -&gt; 通过手机校验" classname="02-register.spec.js" time="0.639">
</testcase>
<testcase name="TC_REG_004 手机号-有效 #9: 13000000056 -&gt; 通过手机校验" classname="02-register.spec.js" time="0.642">
</testcase>
<testcase name="TC_REG_004 手机号-有效 #10: 13000000063 -&gt; 通过手机校验" classname="02-register.spec.js" time="0.616">
</testcase>
<testcase name="TC_REG_004 手机号-有效 #11: 13000000070 -&gt; 通过手机校验" classname="02-register.spec.js" time="0.636">
</testcase>
<testcase name="TC_REG_004 手机号-有效 #12: 13000000077 -&gt; 通过手机校验" classname="02-register.spec.js" time="0.922">
</testcase>
<testcase name="TC_REG_004 手机号-有效 #13: 13000000084 -&gt; 通过手机校验" classname="02-register.spec.js" time="1.073">
</testcase>
<testcase name="TC_REG_004 手机号-有效 #14: 13000000091 -&gt; 通过手机校验" classname="02-register.spec.js" time="0.967">
</testcase>
<testcase name="TC_REG_004 手机号-有效 #15: 13000000098 -&gt; 通过手机校验" classname="02-register.spec.js" time="0.872">
</testcase>
<testcase name="TC_REG_004 手机号-有效 #16: 13000000105 -&gt; 通过手机校验" classname="02-register.spec.js" time="0.619">
</testcase>
<testcase name="TC_REG_004 手机号-有效 #17: 13000000112 -&gt; 通过手机校验" classname="02-register.spec.js" time="0.671">
</testcase>
<testcase name="TC_REG_004 手机号-有效 #18: 13000000119 -&gt; 通过手机校验" classname="02-register.spec.js" time="0.634">
</testcase>
<testcase name="TC_REG_004 手机号-有效 #19: 13000000126 -&gt; 通过手机校验" classname="02-register.spec.js" time="0.634">
</testcase>
<testcase name="TC_REG_004 手机号-有效 #20: 13000000133 -&gt; 通过手机校验" classname="02-register.spec.js" time="0.822">
</testcase>
<testcase name="TC_REG_004 手机号-有效 #21: 13000000140 -&gt; 通过手机校验" classname="02-register.spec.js" time="0.634">
</testcase>
<testcase name="TC_REG_004 手机号-有效 #22: 13000000147 -&gt; 通过手机校验" classname="02-register.spec.js" time="0.652">
</testcase>
<testcase name="TC_REG_004 手机号-有效 #23: 13000000154 -&gt; 通过手机校验" classname="02-register.spec.js" time="1.16">
</testcase>
<testcase name="TC_REG_004 手机号-有效 #24: 13000000161 -&gt; 通过手机校验" classname="02-register.spec.js" time="0.745">
</testcase>
<testcase name="TC_REG_004 手机号-有效 #25: 13000000168 -&gt; 通过手机校验" classname="02-register.spec.js" time="0.657">
</testcase>
<testcase name="TC_REG_004 手机号-有效 #26: 13000000175 -&gt; 通过手机校验" classname="02-register.spec.js" time="0.89">
</testcase>
<testcase name="TC_REG_004 手机号-有效 #27: 13000000182 -&gt; 通过手机校验" classname="02-register.spec.js" time="0.629">
</testcase>
<testcase name="TC_REG_004 手机号-有效 #28: 13000000189 -&gt; 通过手机校验" classname="02-register.spec.js" time="0.651">
</testcase>
<testcase name="TC_REG_004 手机号-有效 #29: 13000000196 -&gt; 通过手机校验" classname="02-register.spec.js" time="0.767">
</testcase>
<testcase name="TC_REG_004 手机号-有效 #30: 13000000203 -&gt; 通过手机校验" classname="02-register.spec.js" time="0.702">
</testcase>
<testcase name="TC_REG_004 手机号-有效 #31: 13000000210 -&gt; 通过手机校验" classname="02-register.spec.js" time="0.655">
</testcase>
<testcase name="TC_REG_004 手机号-有效 #32: 13000000217 -&gt; 通过手机校验" classname="02-register.spec.js" time="1.056">
</testcase>
<testcase name="TC_REG_004 手机号-有效 #33: 13000000224 -&gt; 通过手机校验" classname="02-register.spec.js" time="1.009">
</testcase>
<testcase name="TC_REG_004 手机号-有效 #34: 13000000231 -&gt; 通过手机校验" classname="02-register.spec.js" time="0.656">
</testcase>
<testcase name="TC_REG_004 手机号-有效 #35: 13000000238 -&gt; 通过手机校验" classname="02-register.spec.js" time="0.631">
</testcase>
<testcase name="TC_REG_004 手机号-有效 #36: 13000000245 -&gt; 通过手机校验" classname="02-register.spec.js" time="0.701">
</testcase>
<testcase name="TC_REG_004 手机号-有效 #37: 13000000252 -&gt; 通过手机校验" classname="02-register.spec.js" time="0.651">
</testcase>
<testcase name="TC_REG_004 手机号-有效 #38: 13000000259 -&gt; 通过手机校验" classname="02-register.spec.js" time="0.624">
</testcase>
<testcase name="TC_REG_004 手机号-有效 #39: 13000000266 -&gt; 通过手机校验" classname="02-register.spec.js" time="0.83">
</testcase>
<testcase name="TC_REG_004 手机号-有效 #40: 13000000273 -&gt; 通过手机校验" classname="02-register.spec.js" time="0.666">
</testcase>
<testcase name="TC_REG_004 手机号-有效 #41: 13000000280 -&gt; 通过手机校验" classname="02-register.spec.js" time="0.668">
</testcase>
<testcase name="TC_REG_004 手机号-有效 #42: 13000000287 -&gt; 通过手机校验" classname="02-register.spec.js" time="1.933">
</testcase>
<testcase name="TC_REG_004 手机号-有效 #43: 13000000294 -&gt; 通过手机校验" classname="02-register.spec.js" time="0.616">
</testcase>
<testcase name="TC_REG_004 手机号-有效 #44: 13000000301 -&gt; 通过手机校验" classname="02-register.spec.js" time="0.648">
</testcase>
<testcase name="TC_REG_004 手机号-有效 #45: 13000000308 -&gt; 通过手机校验" classname="02-register.spec.js" time="0.651">
</testcase>
<testcase name="TC_REG_004 手机号-有效 #46: 13000000315 -&gt; 通过手机校验" classname="02-register.spec.js" time="0.615">
</testcase>
<testcase name="TC_REG_004 手机号-有效 #47: 13000000322 -&gt; 通过手机校验" classname="02-register.spec.js" time="0.653">
</testcase>
<testcase name="TC_REG_004 手机号-有效 #48: 13000000329 -&gt; 通过手机校验" classname="02-register.spec.js" time="0.653">
</testcase>
<testcase name="TC_REG_004 手机号-有效 #49: 13000000336 -&gt; 通过手机校验" classname="02-register.spec.js" time="0.654">
</testcase>
<testcase name="TC_REG_004 手机号-有效 #50: 13000000343 -&gt; 通过手机校验" classname="02-register.spec.js" time="1.01">
</testcase>
<testcase name="TC_REG_005 手机号-无效[空] #1 -&gt; 提示补全" classname="02-register.spec.js" time="0.657">
</testcase>
<testcase name="TC_REG_005 手机号-无效[空] #2 -&gt; 提示补全" classname="02-register.spec.js" time="0.652">
</testcase>
<testcase name="TC_REG_005 手机号-无效[空] #3 -&gt; 提示补全" classname="02-register.spec.js" time="0.66">
</testcase>
<testcase name="TC_REG_005 手机号-无效[空] #4 -&gt; 提示补全" classname="02-register.spec.js" time="0.633">
</testcase>
<testcase name="TC_REG_005 手机号-无效[空] #5 -&gt; 提示补全" classname="02-register.spec.js" time="0.64">
</testcase>
<testcase name="TC_REG_005 手机号-无效[空] #6 -&gt; 提示补全" classname="02-register.spec.js" time="0.632">
</testcase>
<testcase name="TC_REG_005 手机号-无效[空] #7 -&gt; 提示补全" classname="02-register.spec.js" time="0.617">
</testcase>
<testcase name="TC_REG_005 手机号-无效[空] #8 -&gt; 提示补全" classname="02-register.spec.js" time="0.607">
</testcase>
<testcase name="TC_REG_005 手机号-无效[空] #9 -&gt; 提示补全" classname="02-register.spec.js" time="1.151">
</testcase>
<testcase name="TC_REG_005 手机号-无效[空] #10 -&gt; 提示补全" classname="02-register.spec.js" time="0.624">
</testcase>
<testcase name="TC_REG_005 手机号-无效[空] #11 -&gt; 提示补全" classname="02-register.spec.js" time="1.052">
</testcase>
<testcase name="TC_REG_005 手机号-无效[空] #12 -&gt; 提示补全" classname="02-register.spec.js" time="0.697">
</testcase>
<testcase name="TC_REG_005 手机号-无效[空] #13 -&gt; 提示补全" classname="02-register.spec.js" time="0.687">
</testcase>
<testcase name="TC_REG_005 手机号-无效[空] #14 -&gt; 提示补全" classname="02-register.spec.js" time="0.634">
</testcase>
<testcase name="TC_REG_005 手机号-无效[空] #15 -&gt; 提示补全" classname="02-register.spec.js" time="1.038">
</testcase>
<testcase name="TC_REG_005 手机号-无效[空] #16 -&gt; 提示补全" classname="02-register.spec.js" time="1.319">
</testcase>
<testcase name="TC_REG_005 手机号-无效[空] #17 -&gt; 提示补全" classname="02-register.spec.js" time="0.619">
</testcase>
<testcase name="TC_REG_005 手机号-无效[空] #18 -&gt; 提示补全" classname="02-register.spec.js" time="0.624">
</testcase>
<testcase name="TC_REG_005 手机号-无效[空] #19 -&gt; 提示补全" classname="02-register.spec.js" time="0.623">
</testcase>
<testcase name="TC_REG_005 手机号-无效[空] #20 -&gt; 提示补全" classname="02-register.spec.js" time="0.621">
</testcase>
<testcase name="TC_REG_005 手机号-无效[空] #21 -&gt; 提示补全" classname="02-register.spec.js" time="0.583">
</testcase>
<testcase name="TC_REG_005 手机号-无效[空] #22 -&gt; 提示补全" classname="02-register.spec.js" time="0.623">
</testcase>
<testcase name="TC_REG_005 手机号-无效[空] #23 -&gt; 提示补全" classname="02-register.spec.js" time="1.088">
</testcase>
<testcase name="TC_REG_005 手机号-无效[空] #24 -&gt; 提示补全" classname="02-register.spec.js" time="0.634">
</testcase>
<testcase name="TC_REG_005 手机号-无效[空] #25 -&gt; 提示补全" classname="02-register.spec.js" time="0.675">
</testcase>
<testcase name="TC_REG_005 手机号-无效[空] #26 -&gt; 提示补全" classname="02-register.spec.js" time="0.609">
</testcase>
<testcase name="TC_REG_005 手机号-无效[空] #27 -&gt; 提示补全" classname="02-register.spec.js" time="0.633">
</testcase>
<testcase name="TC_REG_005 手机号-无效[空] #28 -&gt; 提示补全" classname="02-register.spec.js" time="0.636">
</testcase>
<testcase name="TC_REG_005 手机号-无效[空] #29 -&gt; 提示补全" classname="02-register.spec.js" time="0.906">
</testcase>
<testcase name="TC_REG_005 手机号-无效[空] #30 -&gt; 提示补全" classname="02-register.spec.js" time="1.335">
</testcase>
<testcase name="TC_REG_005 手机号-无效[空] #31 -&gt; 提示补全" classname="02-register.spec.js" time="0.901">
</testcase>
<testcase name="TC_REG_005 手机号-无效[空] #32 -&gt; 提示补全" classname="02-register.spec.js" time="0.652">
</testcase>
<testcase name="TC_REG_005 手机号-无效[空] #33 -&gt; 提示补全" classname="02-register.spec.js" time="0.656">
</testcase>
<testcase name="TC_REG_005 手机号-无效[空] #34 -&gt; 提示补全" classname="02-register.spec.js" time="0.639">
</testcase>
<testcase name="TC_REG_005 手机号-无效[空] #35 -&gt; 提示补全" classname="02-register.spec.js" time="0.611">
</testcase>
<testcase name="TC_REG_005 手机号-无效[空] #36 -&gt; 提示补全" classname="02-register.spec.js" time="0.637">
</testcase>
<testcase name="TC_REG_005 手机号-无效[空] #37 -&gt; 提示补全" classname="02-register.spec.js" time="1.02">
</testcase>
<testcase name="TC_REG_005 手机号-无效[空] #38 -&gt; 提示补全" classname="02-register.spec.js" time="0.587">
</testcase>
<testcase name="TC_REG_005 手机号-无效[空] #39 -&gt; 提示补全" classname="02-register.spec.js" time="0.614">
</testcase>
<testcase name="TC_REG_005 手机号-无效[空] #40 -&gt; 提示补全" classname="02-register.spec.js" time="0.814">
</testcase>
<testcase name="TC_REG_005 手机号-无效[空] #41 -&gt; 提示补全" classname="02-register.spec.js" time="0.829">
</testcase>
<testcase name="TC_REG_005 手机号-无效[空] #42 -&gt; 提示补全" classname="02-register.spec.js" time="0.596">
</testcase>
<testcase name="TC_REG_005 手机号-无效[空] #43 -&gt; 提示补全" classname="02-register.spec.js" time="1.043">
</testcase>
<testcase name="TC_REG_005 手机号-无效[空] #44 -&gt; 提示补全" classname="02-register.spec.js" time="0.894">
</testcase>
<testcase name="TC_REG_005 手机号-无效[空] #45 -&gt; 提示补全" classname="02-register.spec.js" time="0.669">
</testcase>
<testcase name="TC_REG_005 手机号-无效[空] #46 -&gt; 提示补全" classname="02-register.spec.js" time="0.634">
</testcase>
<testcase name="TC_REG_005 手机号-无效[空] #47 -&gt; 提示补全" classname="02-register.spec.js" time="0.653">
</testcase>
<testcase name="TC_REG_005 手机号-无效[空] #48 -&gt; 提示补全" classname="02-register.spec.js" time="0.639">
</testcase>
<testcase name="TC_REG_005 手机号-无效[空] #49 -&gt; 提示补全" classname="02-register.spec.js" time="0.631">
</testcase>
<testcase name="TC_REG_005 手机号-无效[空] #50 -&gt; 提示补全" classname="02-register.spec.js" time="0.851">
</testcase>
<testcase name="TC_REG_006 手机号-无效[10位过短] #1: 1300000000 -&gt; 格式错误" classname="02-register.spec.js" time="0.613">
</testcase>
<testcase name="TC_REG_006 手机号-无效[10位过短] #2: 1300000003 -&gt; 格式错误" classname="02-register.spec.js" time="1.001">
</testcase>
<testcase name="TC_REG_006 手机号-无效[10位过短] #3: 1300000006 -&gt; 格式错误" classname="02-register.spec.js" time="1.24">
</testcase>
<testcase name="TC_REG_006 手机号-无效[10位过短] #4: 1300000009 -&gt; 格式错误" classname="02-register.spec.js" time="1.079">
</testcase>
<testcase name="TC_REG_006 手机号-无效[10位过短] #5: 1300000012 -&gt; 格式错误" classname="02-register.spec.js" time="0.592">
</testcase>
<testcase name="TC_REG_006 手机号-无效[10位过短] #6: 1300000015 -&gt; 格式错误" classname="02-register.spec.js" time="0.627">
</testcase>
<testcase name="TC_REG_006 手机号-无效[10位过短] #7: 1300000018 -&gt; 格式错误" classname="02-register.spec.js" time="0.604">
</testcase>
<testcase name="TC_REG_006 手机号-无效[10位过短] #8: 1300000021 -&gt; 格式错误" classname="02-register.spec.js" time="0.594">
</testcase>
<testcase name="TC_REG_006 手机号-无效[10位过短] #9: 1300000024 -&gt; 格式错误" classname="02-register.spec.js" time="0.717">
</testcase>
<testcase name="TC_REG_006 手机号-无效[10位过短] #10: 1300000027 -&gt; 格式错误" classname="02-register.spec.js" time="0.631">
</testcase>
<testcase name="TC_REG_006 手机号-无效[10位过短] #11: 1300000030 -&gt; 格式错误" classname="02-register.spec.js" time="1.003">
</testcase>
<testcase name="TC_REG_006 手机号-无效[10位过短] #12: 1300000033 -&gt; 格式错误" classname="02-register.spec.js" time="0.872">
</testcase>
<testcase name="TC_REG_006 手机号-无效[10位过短] #13: 1300000036 -&gt; 格式错误" classname="02-register.spec.js" time="0.64">
</testcase>
<testcase name="TC_REG_006 手机号-无效[10位过短] #14: 1300000039 -&gt; 格式错误" classname="02-register.spec.js" time="0.64">
</testcase>
<testcase name="TC_REG_006 手机号-无效[10位过短] #15: 1300000042 -&gt; 格式错误" classname="02-register.spec.js" time="0.633">
</testcase>
<testcase name="TC_REG_006 手机号-无效[10位过短] #16: 1300000045 -&gt; 格式错误" classname="02-register.spec.js" time="1.152">
</testcase>
<testcase name="TC_REG_006 手机号-无效[10位过短] #17: 1300000048 -&gt; 格式错误" classname="02-register.spec.js" time="1.064">
</testcase>
<testcase name="TC_REG_006 手机号-无效[10位过短] #18: 1300000051 -&gt; 格式错误" classname="02-register.spec.js" time="0.619">
</testcase>
<testcase name="TC_REG_006 手机号-无效[10位过短] #19: 1300000054 -&gt; 格式错误" classname="02-register.spec.js" time="0.628">
</testcase>
<testcase name="TC_REG_006 手机号-无效[10位过短] #20: 1300000057 -&gt; 格式错误" classname="02-register.spec.js" time="0.624">
</testcase>
<testcase name="TC_REG_006 手机号-无效[10位过短] #21: 1300000060 -&gt; 格式错误" classname="02-register.spec.js" time="0.654">
</testcase>
<testcase name="TC_REG_006 手机号-无效[10位过短] #22: 1300000063 -&gt; 格式错误" classname="02-register.spec.js" time="0.652">
</testcase>
<testcase name="TC_REG_006 手机号-无效[10位过短] #23: 1300000066 -&gt; 格式错误" classname="02-register.spec.js" time="0.666">
</testcase>
<testcase name="TC_REG_006 手机号-无效[10位过短] #24: 1300000069 -&gt; 格式错误" classname="02-register.spec.js" time="0.618">
</testcase>
<testcase name="TC_REG_006 手机号-无效[10位过短] #25: 1300000072 -&gt; 格式错误" classname="02-register.spec.js" time="0.663">
</testcase>
<testcase name="TC_REG_006 手机号-无效[10位过短] #26: 1300000075 -&gt; 格式错误" classname="02-register.spec.js" time="0.628">
</testcase>
<testcase name="TC_REG_006 手机号-无效[10位过短] #27: 1300000078 -&gt; 格式错误" classname="02-register.spec.js" time="1.063">
</testcase>
<testcase name="TC_REG_006 手机号-无效[10位过短] #28: 1300000081 -&gt; 格式错误" classname="02-register.spec.js" time="0.874">
</testcase>
<testcase name="TC_REG_006 手机号-无效[10位过短] #29: 1300000084 -&gt; 格式错误" classname="02-register.spec.js" time="0.62">
</testcase>
<testcase name="TC_REG_006 手机号-无效[10位过短] #30: 1300000087 -&gt; 格式错误" classname="02-register.spec.js" time="0.671">
</testcase>
<testcase name="TC_REG_006 手机号-无效[10位过短] #31: 1300000090 -&gt; 格式错误" classname="02-register.spec.js" time="0.597">
</testcase>
<testcase name="TC_REG_006 手机号-无效[10位过短] #32: 1300000093 -&gt; 格式错误" classname="02-register.spec.js" time="0.638">
</testcase>
<testcase name="TC_REG_006 手机号-无效[10位过短] #33: 1300000096 -&gt; 格式错误" classname="02-register.spec.js" time="0.668">
</testcase>
<testcase name="TC_REG_006 手机号-无效[10位过短] #34: 1300000099 -&gt; 格式错误" classname="02-register.spec.js" time="0.902">
</testcase>
<testcase name="TC_REG_006 手机号-无效[10位过短] #35: 1300000102 -&gt; 格式错误" classname="02-register.spec.js" time="1.054">
</testcase>
<testcase name="TC_REG_006 手机号-无效[10位过短] #36: 1300000105 -&gt; 格式错误" classname="02-register.spec.js" time="0.682">
</testcase>
<testcase name="TC_REG_006 手机号-无效[10位过短] #37: 1300000108 -&gt; 格式错误" classname="02-register.spec.js" time="0.693">
</testcase>
<testcase name="TC_REG_006 手机号-无效[10位过短] #38: 1300000111 -&gt; 格式错误" classname="02-register.spec.js" time="0.771">
</testcase>
<testcase name="TC_REG_006 手机号-无效[10位过短] #39: 1300000114 -&gt; 格式错误" classname="02-register.spec.js" time="0.749">
</testcase>
<testcase name="TC_REG_006 手机号-无效[10位过短] #40: 1300000117 -&gt; 格式错误" classname="02-register.spec.js" time="0.717">
</testcase>
<testcase name="TC_REG_006 手机号-无效[10位过短] #41: 1300000120 -&gt; 格式错误" classname="02-register.spec.js" time="0.767">
</testcase>
<testcase name="TC_REG_006 手机号-无效[10位过短] #42: 1300000123 -&gt; 格式错误" classname="02-register.spec.js" time="0.649">
</testcase>
<testcase name="TC_REG_006 手机号-无效[10位过短] #43: 1300000126 -&gt; 格式错误" classname="02-register.spec.js" time="0.669">
</testcase>
<testcase name="TC_REG_006 手机号-无效[10位过短] #44: 1300000129 -&gt; 格式错误" classname="02-register.spec.js" time="2.268">
</testcase>
<testcase name="TC_REG_006 手机号-无效[10位过短] #45: 1300000132 -&gt; 格式错误" classname="02-register.spec.js" time="0.646">
</testcase>
<testcase name="TC_REG_006 手机号-无效[10位过短] #46: 1300000135 -&gt; 格式错误" classname="02-register.spec.js" time="0.9">
</testcase>
<testcase name="TC_REG_006 手机号-无效[10位过短] #47: 1300000138 -&gt; 格式错误" classname="02-register.spec.js" time="0.664">
</testcase>
<testcase name="TC_REG_006 手机号-无效[10位过短] #48: 1300000141 -&gt; 格式错误" classname="02-register.spec.js" time="0.635">
</testcase>
<testcase name="TC_REG_006 手机号-无效[10位过短] #49: 1300000144 -&gt; 格式错误" classname="02-register.spec.js" time="0.734">
</testcase>
<testcase name="TC_REG_006 手机号-无效[10位过短] #50: 1300000147 -&gt; 格式错误" classname="02-register.spec.js" time="0.604">
</testcase>
<testcase name="TC_REG_007 手机号-无效[12位过长] #1: 130000000000 -&gt; 格式错误" classname="02-register.spec.js" time="0.622">
</testcase>
<testcase name="TC_REG_007 手机号-无效[12位过长] #2: 130000000013 -&gt; 格式错误" classname="02-register.spec.js" time="0.754">
</testcase>
<testcase name="TC_REG_007 手机号-无效[12位过长] #3: 130000000026 -&gt; 格式错误" classname="02-register.spec.js" time="0.674">
</testcase>
<testcase name="TC_REG_007 手机号-无效[12位过长] #4: 130000000039 -&gt; 格式错误" classname="02-register.spec.js" time="0.735">
</testcase>
<testcase name="TC_REG_007 手机号-无效[12位过长] #5: 130000000052 -&gt; 格式错误" classname="02-register.spec.js" time="0.808">
</testcase>
<testcase name="TC_REG_007 手机号-无效[12位过长] #6: 130000000065 -&gt; 格式错误" classname="02-register.spec.js" time="0.733">
</testcase>
<testcase name="TC_REG_007 手机号-无效[12位过长] #7: 130000000078 -&gt; 格式错误" classname="02-register.spec.js" time="0.76">
</testcase>
<testcase name="TC_REG_007 手机号-无效[12位过长] #8: 130000000091 -&gt; 格式错误" classname="02-register.spec.js" time="0.68">
</testcase>
<testcase name="TC_REG_007 手机号-无效[12位过长] #9: 130000000104 -&gt; 格式错误" classname="02-register.spec.js" time="0.712">
</testcase>
<testcase name="TC_REG_007 手机号-无效[12位过长] #10: 130000000117 -&gt; 格式错误" classname="02-register.spec.js" time="0.663">
</testcase>
<testcase name="TC_REG_007 手机号-无效[12位过长] #11: 130000000130 -&gt; 格式错误" classname="02-register.spec.js" time="0.651">
</testcase>
<testcase name="TC_REG_007 手机号-无效[12位过长] #12: 130000000143 -&gt; 格式错误" classname="02-register.spec.js" time="0.684">
</testcase>
<testcase name="TC_REG_007 手机号-无效[12位过长] #13: 130000000156 -&gt; 格式错误" classname="02-register.spec.js" time="0.603">
</testcase>
<testcase name="TC_REG_007 手机号-无效[12位过长] #14: 130000000169 -&gt; 格式错误" classname="02-register.spec.js" time="0.636">
</testcase>
<testcase name="TC_REG_007 手机号-无效[12位过长] #15: 130000000182 -&gt; 格式错误" classname="02-register.spec.js" time="0.653">
</testcase>
<testcase name="TC_REG_007 手机号-无效[12位过长] #16: 130000000195 -&gt; 格式错误" classname="02-register.spec.js" time="0.63">
</testcase>
<testcase name="TC_REG_007 手机号-无效[12位过长] #17: 130000000208 -&gt; 格式错误" classname="02-register.spec.js" time="0.612">
</testcase>
<testcase name="TC_REG_007 手机号-无效[12位过长] #18: 130000000221 -&gt; 格式错误" classname="02-register.spec.js" time="0.594">
</testcase>
<testcase name="TC_REG_007 手机号-无效[12位过长] #19: 130000000234 -&gt; 格式错误" classname="02-register.spec.js" time="1.069">
</testcase>
<testcase name="TC_REG_007 手机号-无效[12位过长] #20: 130000000247 -&gt; 格式错误" classname="02-register.spec.js" time="0.67">
</testcase>
<testcase name="TC_REG_007 手机号-无效[12位过长] #21: 130000000260 -&gt; 格式错误" classname="02-register.spec.js" time="0.875">
</testcase>
<testcase name="TC_REG_007 手机号-无效[12位过长] #22: 130000000273 -&gt; 格式错误" classname="02-register.spec.js" time="0.632">
</testcase>
<testcase name="TC_REG_007 手机号-无效[12位过长] #23: 130000000286 -&gt; 格式错误" classname="02-register.spec.js" time="0.691">
</testcase>
<testcase name="TC_REG_007 手机号-无效[12位过长] #24: 130000000299 -&gt; 格式错误" classname="02-register.spec.js" time="0.663">
</testcase>
<testcase name="TC_REG_007 手机号-无效[12位过长] #25: 130000000312 -&gt; 格式错误" classname="02-register.spec.js" time="0.661">
</testcase>
<testcase name="TC_REG_007 手机号-无效[12位过长] #26: 130000000325 -&gt; 格式错误" classname="02-register.spec.js" time="0.9">
</testcase>
<testcase name="TC_REG_007 手机号-无效[12位过长] #27: 130000000338 -&gt; 格式错误" classname="02-register.spec.js" time="1.033">
</testcase>
<testcase name="TC_REG_007 手机号-无效[12位过长] #28: 130000000351 -&gt; 格式错误" classname="02-register.spec.js" time="0.613">
</testcase>
[...]
</testcase>
<testcase name="TC_TASK_006 分类-无效[未选] #24 -&gt; 请选择分类" classname="05-publish.spec.js" time="0.843">
</testcase>
<testcase name="TC_TASK_006 分类-无效[未选] #25 -&gt; 请选择分类" classname="05-publish.spec.js" time="1.039">
</testcase>
<testcase name="TC_TASK_006 分类-无效[未选] #26 -&gt; 请选择分类" classname="05-publish.spec.js" time="1.001">
</testcase>
<testcase name="TC_TASK_006 分类-无效[未选] #27 -&gt; 请选择分类" classname="05-publish.spec.js" time="0.84">
</testcase>
<testcase name="TC_TASK_006 分类-无效[未选] #28 -&gt; 请选择分类" classname="05-publish.spec.js" time="0.883">
</testcase>
<testcase name="TC_TASK_006 分类-无效[未选] #29 -&gt; 请选择分类" classname="05-publish.spec.js" time="0.852">
</testcase>
<testcase name="TC_TASK_006 分类-无效[未选] #30 -&gt; 请选择分类" classname="05-publish.spec.js" time="0.874">
</testcase>
<testcase name="TC_TASK_006 分类-无效[未选] #31 -&gt; 请选择分类" classname="05-publish.spec.js" time="0.83">
</testcase>
<testcase name="TC_TASK_006 分类-无效[未选] #32 -&gt; 请选择分类" classname="05-publish.spec.js" time="0.807">
</testcase>
<testcase name="TC_TASK_006 分类-无效[未选] #33 -&gt; 请选择分类" classname="05-publish.spec.js" time="0.842">
</testcase>
<testcase name="TC_TASK_006 分类-无效[未选] #34 -&gt; 请选择分类" classname="05-publish.spec.js" time="0.878">
</testcase>
<testcase name="TC_TASK_006 分类-无效[未选] #35 -&gt; 请选择分类" classname="05-publish.spec.js" time="0.913">
</testcase>
<testcase name="TC_TASK_006 分类-无效[未选] #36 -&gt; 请选择分类" classname="05-publish.spec.js" time="0.885">
</testcase>
<testcase name="TC_TASK_006 分类-无效[未选] #37 -&gt; 请选择分类" classname="05-publish.spec.js" time="0.82">
</testcase>
<testcase name="TC_TASK_006 分类-无效[未选] #38 -&gt; 请选择分类" classname="05-publish.spec.js" time="0.823">
</testcase>
<testcase name="TC_TASK_006 分类-无效[未选] #39 -&gt; 请选择分类" classname="05-publish.spec.js" time="0.866">
</testcase>
<testcase name="TC_TASK_006 分类-无效[未选] #40 -&gt; 请选择分类" classname="05-publish.spec.js" time="0.823">
</testcase>
<testcase name="TC_TASK_006 分类-无效[未选] #41 -&gt; 请选择分类" classname="05-publish.spec.js" time="0.851">
</testcase>
<testcase name="TC_TASK_006 分类-无效[未选] #42 -&gt; 请选择分类" classname="05-publish.spec.js" time="0.787">
</testcase>
<testcase name="TC_TASK_006 分类-无效[未选] #43 -&gt; 请选择分类" classname="05-publish.spec.js" time="0.837">
</testcase>
<testcase name="TC_TASK_006 分类-无效[未选] #44 -&gt; 请选择分类" classname="05-publish.spec.js" time="0.835">
</testcase>
<testcase name="TC_TASK_006 分类-无效[未选] #45 -&gt; 请选择分类" classname="05-publish.spec.js" time="0.787">
</testcase>
<testcase name="TC_TASK_006 分类-无效[未选] #46 -&gt; 请选择分类" classname="05-publish.spec.js" time="0.804">
</testcase>
<testcase name="TC_TASK_006 分类-无效[未选] #47 -&gt; 请选择分类" classname="05-publish.spec.js" time="0.806">
</testcase>
<testcase name="TC_TASK_006 分类-无效[未选] #48 -&gt; 请选择分类" classname="05-publish.spec.js" time="0.804">
</testcase>
<testcase name="TC_TASK_006 分类-无效[未选] #49 -&gt; 请选择分类" classname="05-publish.spec.js" time="0.845">
</testcase>
<testcase name="TC_TASK_006 分类-无效[未选] #50 -&gt; 请选择分类" classname="05-publish.spec.js" time="0.807">
</testcase>
<testcase name="TC_TASK_009 描述-无效[空] #1 -&gt; 请填写描述" classname="05-publish.spec.js" time="0.84">
</testcase>
<testcase name="TC_TASK_009 描述-无效[空] #2 -&gt; 请填写描述" classname="05-publish.spec.js" time="0.864">
</testcase>
<testcase name="TC_TASK_009 描述-无效[空] #3 -&gt; 请填写描述" classname="05-publish.spec.js" time="0.836">
</testcase>
<testcase name="TC_TASK_009 描述-无效[空] #4 -&gt; 请填写描述" classname="05-publish.spec.js" time="0.884">
</testcase>
<testcase name="TC_TASK_009 描述-无效[空] #5 -&gt; 请填写描述" classname="05-publish.spec.js" time="0.871">
</testcase>
<testcase name="TC_TASK_009 描述-无效[空] #6 -&gt; 请填写描述" classname="05-publish.spec.js" time="0.879">
</testcase>
<testcase name="TC_TASK_009 描述-无效[空] #7 -&gt; 请填写描述" classname="05-publish.spec.js" time="0.87">
</testcase>
<testcase name="TC_TASK_009 描述-无效[空] #8 -&gt; 请填写描述" classname="05-publish.spec.js" time="0.844">
</testcase>
<testcase name="TC_TASK_009 描述-无效[空] #9 -&gt; 请填写描述" classname="05-publish.spec.js" time="0.854">
</testcase>
<testcase name="TC_TASK_009 描述-无效[空] #10 -&gt; 请填写描述" classname="05-publish.spec.js" time="0.806">
</testcase>
<testcase name="TC_TASK_009 描述-无效[空] #11 -&gt; 请填写描述" classname="05-publish.spec.js" time="0.816">
</testcase>
<testcase name="TC_TASK_009 描述-无效[空] #12 -&gt; 请填写描述" classname="05-publish.spec.js" time="0.824">
</testcase>
<testcase name="TC_TASK_009 描述-无效[空] #13 -&gt; 请填写描述" classname="05-publish.spec.js" time="0.789">
</testcase>
<testcase name="TC_TASK_009 描述-无效[空] #14 -&gt; 请填写描述" classname="05-publish.spec.js" time="0.801">
</testcase>
<testcase name="TC_TASK_009 描述-无效[空] #15 -&gt; 请填写描述" classname="05-publish.spec.js" time="0.827">
</testcase>
<testcase name="TC_TASK_009 描述-无效[空] #16 -&gt; 请填写描述" classname="05-publish.spec.js" time="0.819">
</testcase>
<testcase name="TC_TASK_009 描述-无效[空] #17 -&gt; 请填写描述" classname="05-publish.spec.js" time="0.819">
</testcase>
<testcase name="TC_TASK_009 描述-无效[空] #18 -&gt; 请填写描述" classname="05-publish.spec.js" time="0.807">
</testcase>
<testcase name="TC_TASK_009 描述-无效[空] #19 -&gt; 请填写描述" classname="05-publish.spec.js" time="0.836">
</testcase>
<testcase name="TC_TASK_009 描述-无效[空] #20 -&gt; 请填写描述" classname="05-publish.spec.js" time="0.866">
</testcase>
<testcase name="TC_TASK_009 描述-无效[空] #21 -&gt; 请填写描述" classname="05-publish.spec.js" time="0.877">
</testcase>
<testcase name="TC_TASK_009 描述-无效[空] #22 -&gt; 请填写描述" classname="05-publish.spec.js" time="0.84">
</testcase>
<testcase name="TC_TASK_009 描述-无效[空] #23 -&gt; 请填写描述" classname="05-publish.spec.js" time="0.847">
</testcase>
<testcase name="TC_TASK_009 描述-无效[空] #24 -&gt; 请填写描述" classname="05-publish.spec.js" time="0.847">
</testcase>
<testcase name="TC_TASK_009 描述-无效[空] #25 -&gt; 请填写描述" classname="05-publish.spec.js" time="0.869">
</testcase>
<testcase name="TC_TASK_009 描述-无效[空] #26 -&gt; 请填写描述" classname="05-publish.spec.js" time="0.871">
</testcase>
<testcase name="TC_TASK_009 描述-无效[空] #27 -&gt; 请填写描述" classname="05-publish.spec.js" time="0.775">
</testcase>
<testcase name="TC_TASK_009 描述-无效[空] #28 -&gt; 请填写描述" classname="05-publish.spec.js" time="0.783">
</testcase>
<testcase name="TC_TASK_009 描述-无效[空] #29 -&gt; 请填写描述" classname="05-publish.spec.js" time="0.821">
</testcase>
<testcase name="TC_TASK_009 描述-无效[空] #30 -&gt; 请填写描述" classname="05-publish.spec.js" time="0.817">
</testcase>
<testcase name="TC_TASK_009 描述-无效[空] #31 -&gt; 请填写描述" classname="05-publish.spec.js" time="0.824">
</testcase>
<testcase name="TC_TASK_009 描述-无效[空] #32 -&gt; 请填写描述" classname="05-publish.spec.js" time="0.809">
</testcase>
<testcase name="TC_TASK_009 描述-无效[空] #33 -&gt; 请填写描述" classname="05-publish.spec.js" time="0.844">
</testcase>
<testcase name="TC_TASK_009 描述-无效[空] #34 -&gt; 请填写描述" classname="05-publish.spec.js" time="0.808">
</testcase>
<testcase name="TC_TASK_009 描述-无效[空] #35 -&gt; 请填写描述" classname="05-publish.spec.js" time="0.836">
</testcase>
<testcase name="TC_TASK_009 描述-无效[空] #36 -&gt; 请填写描述" classname="05-publish.spec.js" time="0.838">
</testcase>
<testcase name="TC_TASK_009 描述-无效[空] #37 -&gt; 请填写描述" classname="05-publish.spec.js" time="0.834">
</testcase>
<testcase name="TC_TASK_009 描述-无效[空] #38 -&gt; 请填写描述" classname="05-publish.spec.js" time="0.843">
</testcase>
<testcase name="TC_TASK_009 描述-无效[空] #39 -&gt; 请填写描述" classname="05-publish.spec.js" time="0.85">
</testcase>
<testcase name="TC_TASK_009 描述-无效[空] #40 -&gt; 请填写描述" classname="05-publish.spec.js" time="0.835">
</testcase>
<testcase name="TC_TASK_009 描述-无效[空] #41 -&gt; 请填写描述" classname="05-publish.spec.js" time="0.882">
</testcase>
<testcase name="TC_TASK_009 描述-无效[空] #42 -&gt; 请填写描述" classname="05-publish.spec.js" time="0.916">
</testcase>
<testcase name="TC_TASK_009 描述-无效[空] #43 -&gt; 请填写描述" classname="05-publish.spec.js" time="0.836">
</testcase>
<testcase name="TC_TASK_009 描述-无效[空] #44 -&gt; 请填写描述" classname="05-publish.spec.js" time="0.869">
</testcase>
<testcase name="TC_TASK_009 描述-无效[空] #45 -&gt; 请填写描述" classname="05-publish.spec.js" time="0.816">
</testcase>
<testcase name="TC_TASK_009 描述-无效[空] #46 -&gt; 请填写描述" classname="05-publish.spec.js" time="0.817">
</testcase>
<testcase name="TC_TASK_009 描述-无效[空] #47 -&gt; 请填写描述" classname="05-publish.spec.js" time="0.845">
</testcase>
<testcase name="TC_TASK_009 描述-无效[空] #48 -&gt; 请填写描述" classname="05-publish.spec.js" time="0.827">
</testcase>
<testcase name="TC_TASK_009 描述-无效[空] #49 -&gt; 请填写描述" classname="05-publish.spec.js" time="0.802">
</testcase>
<testcase name="TC_TASK_009 描述-无效[空] #50 -&gt; 请填写描述" classname="05-publish.spec.js" time="0.79">
</testcase>
<testcase name="TC_TASK_014 截止时间-无效[空] #1 -&gt; 请选择截止时间" classname="05-publish.spec.js" time="0.853">
</testcase>
<testcase name="TC_TASK_014 截止时间-无效[空] #2 -&gt; 请选择截止时间" classname="05-publish.spec.js" time="0.81">
</testcase>
<testcase name="TC_TASK_014 截止时间-无效[空] #3 -&gt; 请选择截止时间" classname="05-publish.spec.js" time="0.835">
</testcase>
<testcase name="TC_TASK_014 截止时间-无效[空] #4 -&gt; 请选择截止时间" classname="05-publish.spec.js" time="0.822">
</testcase>
<testcase name="TC_TASK_014 截止时间-无效[空] #5 -&gt; 请选择截止时间" classname="05-publish.spec.js" time="0.846">
</testcase>
<testcase name="TC_TASK_014 截止时间-无效[空] #6 -&gt; 请选择截止时间" classname="05-publish.spec.js" time="0.879">
</testcase>
<testcase name="TC_TASK_014 截止时间-无效[空] #7 -&gt; 请选择截止时间" classname="05-publish.spec.js" time="0.822">
</testcase>
<testcase name="TC_TASK_014 截止时间-无效[空] #8 -&gt; 请选择截止时间" classname="05-publish.spec.js" time="0.924">
</testcase>
<testcase name="TC_TASK_014 截止时间-无效[空] #9 -&gt; 请选择截止时间" classname="05-publish.spec.js" time="0.861">
</testcase>
<testcase name="TC_TASK_014 截止时间-无效[空] #10 -&gt; 请选择截止时间" classname="05-publish.spec.js" time="0.86">
</testcase>
<testcase name="TC_TASK_014 截止时间-无效[空] #11 -&gt; 请选择截止时间" classname="05-publish.spec.js" time="0.857">
</testcase>
<testcase name="TC_TASK_014 截止时间-无效[空] #12 -&gt; 请选择截止时间" classname="05-publish.spec.js" time="0.825">
</testcase>
<testcase name="TC_TASK_014 截止时间-无效[空] #13 -&gt; 请选择截止时间" classname="05-publish.spec.js" time="0.842">
</testcase>
<testcase name="TC_TASK_014 截止时间-无效[空] #14 -&gt; 请选择截止时间" classname="05-publish.spec.js" time="0.923">
</testcase>
<testcase name="TC_TASK_014 截止时间-无效[空] #15 -&gt; 请选择截止时间" classname="05-publish.spec.js" time="0.856">
</testcase>
<testcase name="TC_TASK_014 截止时间-无效[空] #16 -&gt; 请选择截止时间" classname="05-publish.spec.js" time="0.822">
</testcase>
<testcase name="TC_TASK_014 截止时间-无效[空] #17 -&gt; 请选择截止时间" classname="05-publish.spec.js" time="0.874">
</testcase>
<testcase name="TC_TASK_014 截止时间-无效[空] #18 -&gt; 请选择截止时间" classname="05-publish.spec.js" time="0.833">
</testcase>
<testcase name="TC_TASK_014 截止时间-无效[空] #19 -&gt; 请选择截止时间" classname="05-publish.spec.js" time="0.87">
</testcase>
<testcase name="TC_TASK_014 截止时间-无效[空] #20 -&gt; 请选择截止时间" classname="05-publish.spec.js" time="0.863">
</testcase>
<testcase name="TC_TASK_014 截止时间-无效[空] #21 -&gt; 请选择截止时间" classname="05-publish.spec.js" time="0.828">
</testcase>
<testcase name="TC_TASK_014 截止时间-无效[空] #22 -&gt; 请选择截止时间" classname="05-publish.spec.js" time="0.886">
</testcase>
<testcase name="TC_TASK_014 截止时间-无效[空] #23 -&gt; 请选择截止时间" classname="05-publish.spec.js" time="0.857">
</testcase>
<testcase name="TC_TASK_014 截止时间-无效[空] #24 -&gt; 请选择截止时间" classname="05-publish.spec.js" time="0.864">
</testcase>
<testcase name="TC_TASK_014 截止时间-无效[空] #25 -&gt; 请选择截止时间" classname="05-publish.spec.js" time="0.871">
</testcase>
<testcase name="TC_TASK_014 截止时间-无效[空] #26 -&gt; 请选择截止时间" classname="05-publish.spec.js" time="0.847">
</testcase>
<testcase name="TC_TASK_014 截止时间-无效[空] #27 -&gt; 请选择截止时间" classname="05-publish.spec.js" time="0.903">
</testcase>
<testcase name="TC_TASK_014 截止时间-无效[空] #28 -&gt; 请选择截止时间" classname="05-publish.spec.js" time="0.849">
</testcase>
<testcase name="TC_TASK_014 截止时间-无效[空] #29 -&gt; 请选择截止时间" classname="05-publish.spec.js" time="0.814">
</testcase>
<testcase name="TC_TASK_014 截止时间-无效[空] #30 -&gt; 请选择截止时间" classname="05-publish.spec.js" time="0.786">
</testcase>
<testcase name="TC_TASK_014 截止时间-无效[空] #31 -&gt; 请选择截止时间" classname="05-publish.spec.js" time="0.822">
</testcase>
<testcase name="TC_TASK_014 截止时间-无效[空] #32 -&gt; 请选择截止时间" classname="05-publish.spec.js" time="0.821">
</testcase>
<testcase name="TC_TASK_014 截止时间-无效[空] #33 -&gt; 请选择截止时间" classname="05-publish.spec.js" time="0.82">
</testcase>
<testcase name="TC_TASK_014 截止时间-无效[空] #34 -&gt; 请选择截止时间" classname="05-publish.spec.js" time="0.894">
</testcase>
<testcase name="TC_TASK_014 截止时间-无效[空] #35 -&gt; 请选择截止时间" classname="05-publish.spec.js" time="0.839">
</testcase>
<testcase name="TC_TASK_014 截止时间-无效[空] #36 -&gt; 请选择截止时间" classname="05-publish.spec.js" time="0.841">
</testcase>
<testcase name="TC_TASK_014 截止时间-无效[空] #37 -&gt; 请选择截止时间" classname="05-publish.spec.js" time="0.867">
</testcase>
<testcase name="TC_TASK_014 截止时间-无效[空] #38 -&gt; 请选择截止时间" classname="05-publish.spec.js" time="0.943">
</testcase>
<testcase name="TC_TASK_014 截止时间-无效[空] #39 -&gt; 请选择截止时间" classname="05-publish.spec.js" time="0.843">
</testcase>
<testcase name="TC_TASK_014 截止时间-无效[空] #40 -&gt; 请选择截止时间" classname="05-publish.spec.js" time="0.86">
</testcase>
<testcase name="TC_TASK_014 截止时间-无效[空] #41 -&gt; 请选择截止时间" classname="05-publish.spec.js" time="0.911">
</testcase>
<testcase name="TC_TASK_014 截止时间-无效[空] #42 -&gt; 请选择截止时间" classname="05-publish.spec.js" time="0.87">
</testcase>
<testcase name="TC_TASK_014 截止时间-无效[空] #43 -&gt; 请选择截止时间" classname="05-publish.spec.js" time="0.895">
</testcase>
<testcase name="TC_TASK_014 截止时间-无效[空] #44 -&gt; 请选择截止时间" classname="05-publish.spec.js" time="0.929">
</testcase>
<testcase name="TC_TASK_014 截止时间-无效[空] #45 -&gt; 请选择截止时间" classname="05-publish.spec.js" time="0.911">
</testcase>
<testcase name="TC_TASK_014 截止时间-无效[空] #46 -&gt; 请选择截止时间" classname="05-publish.spec.js" time="0.877">
</testcase>
<testcase name="TC_TASK_014 截止时间-无效[空] #47 -&gt; 请选择截止时间" classname="05-publish.spec.js" time="0.854">
</testcase>
<testcase name="TC_TASK_014 截止时间-无效[空] #48 -&gt; 请选择截止时间" classname="05-publish.spec.js" time="0.825">
</testcase>
<testcase name="TC_TASK_014 截止时间-无效[空] #49 -&gt; 请选择截止时间" classname="05-publish.spec.js" time="0.827">
</testcase>
<testcase name="TC_TASK_014 截止时间-无效[空] #50 -&gt; 请选择截止时间" classname="05-publish.spec.js" time="0.815">
</testcase>
<testcase name="TC_TASK_012 报酬-无效[空] #1 -&gt; 请填写报酬金额" classname="05-publish.spec.js" time="0.864">
</testcase>
<testcase name="TC_TASK_012 报酬-无效[空] #2 -&gt; 请填写报酬金额" classname="05-publish.spec.js" time="0.864">
</testcase>
<testcase name="TC_TASK_012 报酬-无效[空] #3 -&gt; 请填写报酬金额" classname="05-publish.spec.js" time="0.848">
</testcase>
<testcase name="TC_TASK_012 报酬-无效[空] #4 -&gt; 请填写报酬金额" classname="05-publish.spec.js" time="0.855">
</testcase>
<testcase name="TC_TASK_012 报酬-无效[空] #5 -&gt; 请填写报酬金额" classname="05-publish.spec.js" time="0.86">
</testcase>
<testcase name="TC_TASK_012 报酬-无效[空] #6 -&gt; 请填写报酬金额" classname="05-publish.spec.js" time="0.877">
</testcase>
<testcase name="TC_TASK_012 报酬-无效[空] #7 -&gt; 请填写报酬金额" classname="05-publish.spec.js" time="0.882">
</testcase>
<testcase name="TC_TASK_012 报酬-无效[空] #8 -&gt; 请填写报酬金额" classname="05-publish.spec.js" time="0.886">
</testcase>
<testcase name="TC_TASK_012 报酬-无效[空] #9 -&gt; 请填写报酬金额" classname="05-publish.spec.js" time="0.935">
</testcase>
<testcase name="TC_TASK_012 报酬-无效[空] #10 -&gt; 请填写报酬金额" classname="05-publish.spec.js" time="0.913">
</testcase>
<testcase name="TC_TASK_012 报酬-无效[空] #11 -&gt; 请填写报酬金额" classname="05-publish.spec.js" time="0.896">
</testcase>
<testcase name="TC_TASK_012 报酬-无效[空] #12 -&gt; 请填写报酬金额" classname="05-publish.spec.js" time="0.92">
</testcase>
<testcase name="TC_TASK_012 报酬-无效[空] #13 -&gt; 请填写报酬金额" classname="05-publish.spec.js" time="0.883">
</testcase>
<testcase name="TC_TASK_012 报酬-无效[空] #14 -&gt; 请填写报酬金额" classname="05-publish.spec.js" time="0.884">
</testcase>
<testcase name="TC_TASK_012 报酬-无效[空] #15 -&gt; 请填写报酬金额" classname="05-publish.spec.js" time="0.837">
</testcase>
<testcase name="TC_TASK_012 报酬-无效[空] #16 -&gt; 请填写报酬金额" classname="05-publish.spec.js" time="0.839">
</testcase>
<testcase name="TC_TASK_012 报酬-无效[空] #17 -&gt; 请填写报酬金额" classname="05-publish.spec.js" time="0.871">
</testcase>
<testcase name="TC_TASK_012 报酬-无效[空] #18 -&gt; 请填写报酬金额" classname="05-publish.spec.js" time="0.875">
</testcase>
<testcase name="TC_TASK_012 报酬-无效[空] #19 -&gt; 请填写报酬金额" classname="05-publish.spec.js" time="0.865">
</testcase>
<testcase name="TC_TASK_012 报酬-无效[空] #20 -&gt; 请填写报酬金额" classname="05-publish.spec.js" time="0.883">
</testcase>
<testcase name="TC_TASK_012 报酬-无效[空] #21 -&gt; 请填写报酬金额" classname="05-publish.spec.js" time="0.893">
</testcase>
<testcase name="TC_TASK_012 报酬-无效[空] #22 -&gt; 请填写报酬金额" classname="05-publish.spec.js" time="0.955">
</testcase>
<testcase name="TC_TASK_012 报酬-无效[空] #23 -&gt; 请填写报酬金额" classname="05-publish.spec.js" time="0.835">
</testcase>
<testcase name="TC_TASK_012 报酬-无效[空] #24 -&gt; 请填写报酬金额" classname="05-publish.spec.js" time="0.871">
</testcase>
<testcase name="TC_TASK_012 报酬-无效[空] #25 -&gt; 请填写报酬金额" classname="05-publish.spec.js" time="0.826">
</testcase>
<testcase name="TC_TASK_012 报酬-无效[空] #26 -&gt; 请填写报酬金额" classname="05-publish.spec.js" time="0.885">
</testcase>
<testcase name="TC_TASK_012 报酬-无效[空] #27 -&gt; 请填写报酬金额" classname="05-publish.spec.js" time="0.854">
</testcase>
<testcase name="TC_TASK_012 报酬-无效[空] #28 -&gt; 请填写报酬金额" classname="05-publish.spec.js" time="0.93">
</testcase>
<testcase name="TC_TASK_012 报酬-无效[空] #29 -&gt; 请填写报酬金额" classname="05-publish.spec.js" time="0.89">
</testcase>
<testcase name="TC_TASK_012 报酬-无效[空] #30 -&gt; 请填写报酬金额" classname="05-publish.spec.js" time="0.866">
</testcase>
<testcase name="TC_TASK_012 报酬-无效[空] #31 -&gt; 请填写报酬金额" classname="05-publish.spec.js" time="0.794">
</testcase>
<testcase name="TC_TASK_012 报酬-无效[空] #32 -&gt; 请填写报酬金额" classname="05-publish.spec.js" time="0.816">
</testcase>
<testcase name="TC_TASK_012 报酬-无效[空] #33 -&gt; 请填写报酬金额" classname="05-publish.spec.js" time="0.822">
</testcase>
<testcase name="TC_TASK_012 报酬-无效[空] #34 -&gt; 请填写报酬金额" classname="05-publish.spec.js" time="0.887">
</testcase>
<testcase name="TC_TASK_012 报酬-无效[空] #35 -&gt; 请填写报酬金额" classname="05-publish.spec.js" time="0.805">
</testcase>
<testcase name="TC_TASK_012 报酬-无效[空] #36 -&gt; 请填写报酬金额" classname="05-publish.spec.js" time="0.827">
</testcase>
<testcase name="TC_TASK_012 报酬-无效[空] #37 -&gt; 请填写报酬金额" classname="05-publish.spec.js" time="0.832">
</testcase>
<testcase name="TC_TASK_012 报酬-无效[空] #38 -&gt; 请填写报酬金额" classname="05-publish.spec.js" time="1.04">
</testcase>
<testcase name="TC_TASK_012 报酬-无效[空] #39 -&gt; 请填写报酬金额" classname="05-publish.spec.js" time="0.861">
</testcase>
<testcase name="TC_TASK_012 报酬-无效[空] #40 -&gt; 请填写报酬金额" classname="05-publish.spec.js" time="0.909">
</testcase>
<testcase name="TC_TASK_012 报酬-无效[空] #41 -&gt; 请填写报酬金额" classname="05-publish.spec.js" time="0.847">
</testcase>
<testcase name="TC_TASK_012 报酬-无效[空] #42 -&gt; 请填写报酬金额" classname="05-publish.spec.js" time="0.871">
</testcase>
<testcase name="TC_TASK_012 报酬-无效[空] #43 -&gt; 请填写报酬金额" classname="05-publish.spec.js" time="0.862">
</testcase>
<testcase name="TC_TASK_012 报酬-无效[空] #44 -&gt; 请填写报酬金额" classname="05-publish.spec.js" time="0.887">
</testcase>
<testcase name="TC_TASK_012 报酬-无效[空] #45 -&gt; 请填写报酬金额" classname="05-publish.spec.js" time="0.886">
</testcase>
<testcase name="TC_TASK_012 报酬-无效[空] #46 -&gt; 请填写报酬金额" classname="05-publish.spec.js" time="0.853">
</testcase>
<testcase name="TC_TASK_012 报酬-无效[空] #47 -&gt; 请填写报酬金额" classname="05-publish.spec.js" time="0.84">
</testcase>
<testcase name="TC_TASK_012 报酬-无效[空] #48 -&gt; 请填写报酬金额" classname="05-publish.spec.js" time="0.839">
</testcase>
<testcase name="TC_TASK_012 报酬-无效[空] #49 -&gt; 请填写报酬金额" classname="05-publish.spec.js" time="0.824">
</testcase>
<testcase name="TC_TASK_012 报酬-无效[空] #50 -&gt; 请填写报酬金额" classname="05-publish.spec.js" time="0.782">
</testcase>
</testsuite>
</testsuites>